Unity Editor version:    6000.3.8f1 (1c7db571dde0)
Branch:                  6000.3/staging
Build type:              Release
Batch mode:              YES
macOS version:           Version 26.3 (Build 25D125)
Darwin version:          25.3.0
Architecture:            arm64
Running under Rosetta:   NO
Available memory:        24576 MB
Date:                    2026-02-25T01:30:39Z
[Licensing::Module] Trying to connect to existing licensing client channel...
[Licensing::IpcConnector] Successfully connected to: "LicenseClient-ivanprotsiuk" at "2026-02-25T01:30:39.8655Z"
Launching external process: /Applications/Unity/Hub/Editor/6000.3.8f1/Unity.app/Contents/Resources/PackageManager/Server/UnityPackageManager

COMMAND LINE ARGUMENTS:
/Applications/Unity/Hub/Editor/6000.3.8f1/Unity.app/Contents/MacOS/Unity
-batchmode
-projectPath
/Users/ivanprotsiuk/Documents/unity/Reloader/Reloader
-runTests
-testPlatform
playmode
-testResults
/Users/ivanprotsiuk/Documents/unity/Reloader/tmp/items-playmode.xml
-logFile
/Users/ivanprotsiuk/Documents/unity/Reloader/tmp/items-playmode.log
-testFilter
PlayerInventoryControllerPlayModeTests
Successfully changed project path to: /Users/ivanprotsiuk/Documents/unity/Reloader/Reloader
/Users/ivanprotsiuk/Documents/unity/Reloader/Reloader
[UnityMemory] Configuration Parameters - Can be set up in boot.config
    "memorysetup-allocator-temp-initial-block-size-main=262144"
    "memorysetup-allocator-temp-initial-block-size-worker=262144"
    "memorysetup-temp-allocator-size-background-worker=32768"
    "memorysetup-temp-allocator-size-job-worker=262144"
    "memorysetup-temp-allocator-size-preload-manager=33554432"
    "memorysetup-temp-allocator-size-nav-mesh-worker=65536"
    "memorysetup-temp-allocator-size-audio-worker=65536"
    "memorysetup-temp-allocator-size-cloud-worker=32768"
    "memorysetup-bucket-allocator-granularity=16"
    "memorysetup-bucket-allocator-bucket-count=8"
    "memorysetup-bucket-allocator-block-size=33554432"
    "memorysetup-bucket-allocator-block-count=8"
    "memorysetup-main-allocator-block-size=16777216"
    "memorysetup-thread-allocator-block-size=16777216"
    "memorysetup-gfx-main-allocator-block-size=16777216"
    "memorysetup-gfx-thread-allocator-block-size=16777216"
    "memorysetup-cache-allocator-block-size=4194304"
    "memorysetup-typetree-allocator-block-size=2097152"
    "memorysetup-profiler-bucket-allocator-granularity=16"
    "memorysetup-profiler-bucket-allocator-bucket-count=8"
    "memorysetup-profiler-bucket-allocator-block-size=33554432"
    "memorysetup-profiler-bucket-allocator-block-count=8"
    "memorysetup-profiler-allocator-block-size=16777216"
    "memorysetup-profiler-editor-allocator-block-size=1048576"
    "memorysetup-temp-allocator-size-main=16777216"
    "memorysetup-job-temp-allocator-block-size=2097152"
    "memorysetup-job-temp-allocator-block-size-background=1048576"
    "memorysetup-job-temp-allocator-reduction-small-platforms=262144"
    "memorysetup-temp-allocator-size-gi-baking-worker=262144"
    "memorysetup-temp-allocator-size-gi-baking-worker=262144"
    "memorysetup-temp-allocator-size-gi-baking-worker=262144"
    "memorysetup-temp-allocator-size-gi-baking-worker=262144"
    "memorysetup-temp-allocator-size-gi-baking-worker=262144"
    "memorysetup-temp-allocator-size-gfx=262144"
Player connection [8284369024]  Target information:

Player connection [8284369024]  * "[IP] 192.168.4.140 [Port] 55504 [Flags] 2 [Guid] 1902256248 [EditorId] 1902256248 [Version] 1048832 [Id] OSXEditor(0,Ivans-MacBook-Pro.local) [Debug] 1 [PackageName] OSXEditor [ProjectName] Editor" 

Player connection [8284369024] Host joined multi-casting on [225.0.0.222:54997]...
Player connection [8284369024] Host joined alternative multi-casting on [225.0.0.222:34997]...
Input System module state changed to: Initialized.
[Physics::Module] Initialized fallback backend.
[Physics::Module] Id: 0xdecafbad
[Package Manager] Connected to IPC stream "Upm-31427" after 0.1 seconds.
[Licensing::Module] Licensing is not yet initialized.
[Licensing::Client] Handshaking with LicensingClient:
  Version:                 1.17.4+4293ba1
  Session Id:              f2d4a2c116be458982be6a53125bd29f
  Correlation Id:          1d36f0138514c646c369d0a35e2bed74
  External correlation Id: 5869854316678254867
  Machine Id:              ZMMMIo2+GGIgqX8lf4Z2t/ao2os=
[Licensing::Module] Successfully connected to LicensingClient on channel: "LicenseClient-ivanprotsiuk" (connect: 0.00s, validation: 0.00s, handshake: 0.21s)
[Licensing::IpcConnector] Successfully connected to: "LicenseClient-ivanprotsiuk-notifications" at "2026-02-25T01:30:40.077116Z"
[Licensing::Module] Error: Access token is unavailable; failed to update
[Licensing::Client] Successfully resolved entitlement details
[Licensing::Module] License group:
  Id: 20067556971916-UnityPersXXXX
  Product: Unity Personal
  Type: Assigned
  Expiration: Unlimited
[Licensing::Client] Successfully updated license, isAsync: True, time: 0.00
[Licensing::Module] Licensing Background thread has ended after 0.21s
[Licensing::Module] Licensing is initialized (took 0.04s).
[Licensing::Client] Successfully resolved entitlement details
Library Redirect Path: Library/
[Physics::Module] Selected backend.
[Physics::Module] Name: PhysX
[Physics::Module] Id: 0xf2b8ea05
[Physics::Module] SDK Version: 4.1.2
[Physics::Module] Integration Version: 1.0.0
[Physics::Module] Threading Mode: Multi-Threaded
Refreshing native plugins compatible for Editor in 0.02 ms, found 0 plugins.
Preloading 0 native plugins for Editor in 0.00 ms.
Initialize engine version: 6000.3.8f1 (1c7db571dde0)
[Subsystems] Discovering subsystems at path /Applications/Unity/Hub/Editor/6000.3.8f1/Unity.app/Contents/Resources/UnitySubsystems
[Subsystems] Discovering subsystems at path /Users/ivanprotsiuk/Documents/unity/Reloader/Reloader/Assets
GfxDevice: creating device client; kGfxThreadingModeNonThreaded
 preferred device: Apple M4 Pro (high power)
Metal devices available: 1
0: Apple M4 Pro (high power)
Using device Apple M4 Pro (high power)
Initializing Metal device caps: Apple M4 Pro
Mac GPU Family: 2
Apple GPU Family: 9
MSL Version: 3.0
Has Float MSAA: 1
Has Float Filtering: 1
ReadWrite Texture Tier: 2
Initialize mono
Mono path[0] = '/Applications/Unity/Hub/Editor/6000.3.8f1/Unity.app/Contents/Resources/Scripting/Managed'
Mono path[1] = '/Applications/Unity/Hub/Editor/6000.3.8f1/Unity.app/Contents/Resources/Scripting/MonoBleedingEdge/lib/mono/unityjit-macos'
Mono config path = '/Applications/Unity/Hub/Editor/6000.3.8f1/Unity.app/Contents/Resources/Scripting/MonoBleedingEdge/etc'
Using monoOptions --debugger-agent=transport=dt_socket,embedding=1,server=y,suspend=n,address=127.0.0.1:56427
Using cacheserver namespaces - metadata:defaultmetadata, artifacts:defaultartifacts
Using cacheserver namespaces - metadata:defaultmetadata, artifacts:defaultartifacts
ImportWorker Server TCP listen port: 0
AcceleratorClientConnectionCallback - disconnected - :0
Begin MonoManager ReloadAssembly
Registering precompiled unity dll's ...
Register platform support module: /Applications/Unity/Hub/Editor/6000.3.8f1/PlaybackEngines/WebGLSupport/UnityEditor.WebGL.Extensions.dll
Register platform support module: /Applications/Unity/Hub/Editor/6000.3.8f1/Unity.app/Contents/PlaybackEngines/MacStandaloneSupport/UnityEditor.OSXStandalone.Extensions.dll
Registered in 0.000402 seconds.
- Loaded All Assemblies, in  0.155 seconds
Native extension for OSXStandalone target not found
Native extension for WebGL target not found
ScheduleIndexationOnStartup MainProcess:False IndexOnStartup:True
Mono: successfully reloaded assembly
- Finished resetting the current domain, in  0.214 seconds
Domain Reload Profiling: 369ms
	BeginReloadAssembly (39ms)
		ExecutionOrderSort (0ms)
		DisableScriptedObjects (0ms)
		BackupInstance (0ms)
		ReleaseScriptingObjects (0ms)
		CreateAndSetChildDomain (6ms)
	RebuildCommonClasses (16ms)
	RebuildNativeTypeToScriptingClass (6ms)
	initialDomainReloadingComplete (18ms)
	LoadAllAssembliesAndSetupDomain (76ms)
		LoadAssemblies (33ms)
		RebuildTransferFunctionScriptingTraits (0ms)
		AnalyzeDomain (75ms)
			TypeCache.Refresh (75ms)
				TypeCache.ScanAssembly (68ms)
			BuildScriptInfoCaches (0ms)
			ResolveRequiredComponents (0ms)
	FinalizeReload (214ms)
		ReleaseScriptCaches (0ms)
		RebuildScriptCaches (0ms)
		SetupLoadedEditorAssemblies (194ms)
			LogAssemblyErrors (0ms)
			InitializePlatformSupportModulesInManaged (26ms)
			SetLoadedEditorAssemblies (2ms)
			BeforeProcessingInitializeOnLoad (54ms)
			ProcessInitializeOnLoadAttributes (79ms)
			ProcessInitializeOnLoadMethodAttributes (33ms)
			AfterProcessingInitializeOnLoad (0ms)
			EditorAssembliesLoaded (0ms)
		ExecutionOrderSort2 (0ms)
		AwakeInstancesAfterBackupRestoration (0ms)
[Licensing::Client] Successfully resolved entitlement details
Application.AssetDatabase Initial Refresh Start
Package Manager log level set to [2]
[Package Manager] Restoring resolved packages state from cache
[Licensing::Client] Successfully resolved entitlement details
[Package Manager] Registered 62 packages:
  Packages from [https://packages.unity.com]:
    com.unity.ai.navigation@2.0.10 (location: /Users/ivanprotsiuk/Documents/unity/Reloader/Reloader/Library/PackageCache/com.unity.ai.navigation@c33a115e9883)
    com.unity.cinemachine@3.1.5 (location: /Users/ivanprotsiuk/Documents/unity/Reloader/Reloader/Library/PackageCache/com.unity.cinemachine@5342685532bb)
    com.unity.collab-proxy@2.11.3 (location: /Users/ivanprotsiuk/Documents/unity/Reloader/Reloader/Library/PackageCache/com.unity.collab-proxy@e566cd3e7623)
    com.unity.ide.rider@3.0.39 (location: /Users/ivanprotsiuk/Documents/unity/Reloader/Reloader/Library/PackageCache/com.unity.ide.rider@4504839d03f7)
    com.unity.ide.visualstudio@2.0.26 (location: /Users/ivanprotsiuk/Documents/unity/Reloader/Reloader/Library/PackageCache/com.unity.ide.visualstudio@a99d56dec63f)
    com.unity.inputsystem@1.18.0 (location: /Users/ivanprotsiuk/Documents/unity/Reloader/Reloader/Library/PackageCache/com.unity.inputsystem@57d0e36f6123)
    com.unity.nuget.newtonsoft-json@3.2.1 (location: /Users/ivanprotsiuk/Documents/unity/Reloader/Reloader/Library/PackageCache/com.unity.nuget.newtonsoft-json@74deb55db2a0)
    com.unity.postprocessing@3.5.1 (location: /Users/ivanprotsiuk/Documents/unity/Reloader/Reloader/Library/PackageCache/com.unity.postprocessing@4a41da475b74)
    com.unity.timeline@1.8.10 (location: /Users/ivanprotsiuk/Documents/unity/Reloader/Reloader/Library/PackageCache/com.unity.timeline@7f8b2fb101b6)
    com.unity.visualscripting@1.9.9 (location: /Users/ivanprotsiuk/Documents/unity/Reloader/Reloader/Library/PackageCache/com.unity.visualscripting@191c0d7e3b69)
    com.unity.splines@2.8.2 (location: /Users/ivanprotsiuk/Documents/unity/Reloader/Reloader/Library/PackageCache/com.unity.splines@1cb7d86fc7ff)
    com.unity.searcher@4.9.4 (location: /Users/ivanprotsiuk/Documents/unity/Reloader/Reloader/Library/PackageCache/com.unity.searcher@d45a78918735)
    com.unity.burst@1.8.27 (location: /Users/ivanprotsiuk/Documents/unity/Reloader/Reloader/Library/PackageCache/com.unity.burst@973857688024)
    com.unity.mathematics@1.3.3 (location: /Users/ivanprotsiuk/Documents/unity/Reloader/Reloader/Library/PackageCache/com.unity.mathematics@19a9377c4ffa)
    com.unity.collections@2.6.2 (location: /Users/ivanprotsiuk/Documents/unity/Reloader/Reloader/Library/PackageCache/com.unity.collections@aea9d3bd5e19)
    com.unity.settings-manager@2.1.1 (location: /Users/ivanprotsiuk/Documents/unity/Reloader/Reloader/Library/PackageCache/com.unity.settings-manager@0b8638c5ce86)
    com.unity.nuget.mono-cecil@1.11.6 (location: /Users/ivanprotsiuk/Documents/unity/Reloader/Reloader/Library/PackageCache/com.unity.nuget.mono-cecil@ecb9724e46ff)
    com.unity.test-framework.performance@3.2.0 (location: /Users/ivanprotsiuk/Documents/unity/Reloader/Reloader/Library/PackageCache/com.unity.test-framework.performance@0840f58e4562)
  Built-in packages:
    com.unity.multiplayer.center@1.0.1 (location: /Users/ivanprotsiuk/Documents/unity/Reloader/Reloader/Library/PackageCache/com.unity.multiplayer.center@f01f4ba8d00a)
    com.unity.render-pipelines.universal@17.3.0 (location: /Users/ivanprotsiuk/Documents/unity/Reloader/Reloader/Library/PackageCache/com.unity.render-pipelines.universal@a6e30d1f59f5)
    com.unity.test-framework@1.6.0 (location: /Users/ivanprotsiuk/Documents/unity/Reloader/Reloader/Library/PackageCache/com.unity.test-framework@0b7a23ab2e1d)
    com.unity.ugui@2.0.0 (location: /Users/ivanprotsiuk/Documents/unity/Reloader/Reloader/Library/PackageCache/com.unity.ugui@bb329a87fcdc)
    com.unity.modules.accessibility@1.0.0 (location: /Users/ivanprotsiuk/Documents/unity/Reloader/Reloader/Library/PackageCache/com.unity.modules.accessibility)
    com.unity.modules.adaptiveperformance@1.0.0 (location: /Users/ivanprotsiuk/Documents/unity/Reloader/Reloader/Library/PackageCache/com.unity.modules.adaptiveperformance)
    com.unity.modules.ai@1.0.0 (location: /Users/ivanprotsiuk/Documents/unity/Reloader/Reloader/Library/PackageCache/com.unity.modules.ai)
    com.unity.modules.androidjni@1.0.0 (location: /Users/ivanprotsiuk/Documents/unity/Reloader/Reloader/Library/PackageCache/com.unity.modules.androidjni)
    com.unity.modules.animation@1.0.0 (location: /Users/ivanprotsiuk/Documents/unity/Reloader/Reloader/Library/PackageCache/com.unity.modules.animation)
    com.unity.modules.assetbundle@1.0.0 (location: /Users/ivanprotsiuk/Documents/unity/Reloader/Reloader/Library/PackageCache/com.unity.modules.assetbundle)
    com.unity.modules.audio@1.0.0 (location: /Users/ivanprotsiuk/Documents/unity/Reloader/Reloader/Library/PackageCache/com.unity.modules.audio)
    com.unity.modules.cloth@1.0.0 (location: /Users/ivanprotsiuk/Documents/unity/Reloader/Reloader/Library/PackageCache/com.unity.modules.cloth)
    com.unity.modules.director@1.0.0 (location: /Users/ivanprotsiuk/Documents/unity/Reloader/Reloader/Library/PackageCache/com.unity.modules.director)
    com.unity.modules.imageconversion@1.0.0 (location: /Users/ivanprotsiuk/Documents/unity/Reloader/Reloader/Library/PackageCache/com.unity.modules.imageconversion)
    com.unity.modules.imgui@1.0.0 (location: /Users/ivanprotsiuk/Documents/unity/Reloader/Reloader/Library/PackageCache/com.unity.modules.imgui)
    com.unity.modules.jsonserialize@1.0.0 (location: /Users/ivanprotsiuk/Documents/unity/Reloader/Reloader/Library/PackageCache/com.unity.modules.jsonserialize)
    com.unity.modules.particlesystem@1.0.0 (location: /Users/ivanprotsiuk/Documents/unity/Reloader/Reloader/Library/PackageCache/com.unity.modules.particlesystem)
    com.unity.modules.physics@1.0.0 (location: /Users/ivanprotsiuk/Documents/unity/Reloader/Reloader/Library/PackageCache/com.unity.modules.physics)
    com.unity.modules.physics2d@1.0.0 (location: /Users/ivanprotsiuk/Documents/unity/Reloader/Reloader/Library/PackageCache/com.unity.modules.physics2d)
    com.unity.modules.screencapture@1.0.0 (location: /Users/ivanprotsiuk/Documents/unity/Reloader/Reloader/Library/PackageCache/com.unity.modules.screencapture)
    com.unity.modules.terrain@1.0.0 (location: /Users/ivanprotsiuk/Documents/unity/Reloader/Reloader/Library/PackageCache/com.unity.modules.terrain)
    com.unity.modules.terrainphysics@1.0.0 (location: /Users/ivanprotsiuk/Documents/unity/Reloader/Reloader/Library/PackageCache/com.unity.modules.terrainphysics)
    com.unity.modules.tilemap@1.0.0 (location: /Users/ivanprotsiuk/Documents/unity/Reloader/Reloader/Library/PackageCache/com.unity.modules.tilemap)
    com.unity.modules.ui@1.0.0 (location: /Users/ivanprotsiuk/Documents/unity/Reloader/Reloader/Library/PackageCache/com.unity.modules.ui)
    com.unity.modules.uielements@1.0.0 (location: /Users/ivanprotsiuk/Documents/unity/Reloader/Reloader/Library/PackageCache/com.unity.modules.uielements)
    com.unity.modules.umbra@1.0.0 (location: /Users/ivanprotsiuk/Documents/unity/Reloader/Reloader/Library/PackageCache/com.unity.modules.umbra)
    com.unity.modules.unityanalytics@1.0.0 (location: /Users/ivanprotsiuk/Documents/unity/Reloader/Reloader/Library/PackageCache/com.unity.modules.unityanalytics)
    com.unity.modules.unitywebrequest@1.0.0 (location: /Users/ivanprotsiuk/Documents/unity/Reloader/Reloader/Library/PackageCache/com.unity.modules.unitywebrequest)
    com.unity.modules.unitywebrequestassetbundle@1.0.0 (location: /Users/ivanprotsiuk/Documents/unity/Reloader/Reloader/Library/PackageCache/com.unity.modules.unitywebrequestassetbundle)
    com.unity.modules.unitywebrequestaudio@1.0.0 (location: /Users/ivanprotsiuk/Documents/unity/Reloader/Reloader/Library/PackageCache/com.unity.modules.unitywebrequestaudio)
    com.unity.modules.unitywebrequesttexture@1.0.0 (location: /Users/ivanprotsiuk/Documents/unity/Reloader/Reloader/Library/PackageCache/com.unity.modules.unitywebrequesttexture)
    com.unity.modules.unitywebrequestwww@1.0.0 (location: /Users/ivanprotsiuk/Documents/unity/Reloader/Reloader/Library/PackageCache/com.unity.modules.unitywebrequestwww)
    com.unity.modules.vectorgraphics@1.0.0 (location: /Users/ivanprotsiuk/Documents/unity/Reloader/Reloader/Library/PackageCache/com.unity.modules.vectorgraphics)
    com.unity.modules.vehicles@1.0.0 (location: /Users/ivanprotsiuk/Documents/unity/Reloader/Reloader/Library/PackageCache/com.unity.modules.vehicles)
    com.unity.modules.video@1.0.0 (location: /Users/ivanprotsiuk/Documents/unity/Reloader/Reloader/Library/PackageCache/com.unity.modules.video)
    com.unity.modules.vr@1.0.0 (location: /Users/ivanprotsiuk/Documents/unity/Reloader/Reloader/Library/PackageCache/com.unity.modules.vr)
    com.unity.modules.wind@1.0.0 (location: /Users/ivanprotsiuk/Documents/unity/Reloader/Reloader/Library/PackageCache/com.unity.modules.wind)
    com.unity.modules.xr@1.0.0 (location: /Users/ivanprotsiuk/Documents/unity/Reloader/Reloader/Library/PackageCache/com.unity.modules.xr)
    com.unity.modules.subsystems@1.0.0 (location: /Users/ivanprotsiuk/Documents/unity/Reloader/Reloader/Library/PackageCache/com.unity.modules.subsystems)
    com.unity.modules.hierarchycore@1.0.0 (location: /Users/ivanprotsiuk/Documents/unity/Reloader/Reloader/Library/PackageCache/com.unity.modules.hierarchycore)
    com.unity.ext.nunit@2.0.5 (location: /Users/ivanprotsiuk/Documents/unity/Reloader/Reloader/Library/PackageCache/com.unity.ext.nunit@d8c07649098d)
    com.unity.render-pipelines.core@17.3.0 (location: /Users/ivanprotsiuk/Documents/unity/Reloader/Reloader/Library/PackageCache/com.unity.render-pipelines.core@d6dfd1e235d5)
    com.unity.shadergraph@17.3.0 (location: /Users/ivanprotsiuk/Documents/unity/Reloader/Reloader/Library/PackageCache/com.unity.shadergraph@d44b48771ebb)
    com.unity.render-pipelines.universal-config@17.0.3 (location: /Users/ivanprotsiuk/Documents/unity/Reloader/Reloader/Library/PackageCache/com.unity.render-pipelines.universal-config@8dc1aab4af1d)
[Subsystems] No new subsystems found in resolved package list.
[Package Manager] Done registering packages in 0.01 seconds
Assembly reference Packages/com.unity.cinemachine/Editor/Samples/ExposeHDRPInternals/HDRP-Editor-ref.asmref has no target assembly definition
Assembly reference Packages/com.unity.cinemachine/Editor/Samples/ExposeHDRPInternals/HDRP-Editor-ref.asmref has no target assembly definition
[40m[32minfo[39m[22m[49m: Microsoft.Hosting.Lifetime[14]
      Now listening on: http://unix:/tmp/ilpp.sock-de86b6ad6e0d55916049f09ff92f1b6a
[40m[32minfo[39m[22m[49m: Microsoft.Hosting.Lifetime[0]
      Application started. Press Ctrl+C to shut down.
[40m[32minfo[39m[22m[49m: Microsoft.Hosting.Lifetime[0]
      Hosting environment: Production
[40m[32minfo[39m[22m[49m: Microsoft.Hosting.Lifetime[0]
      Content root path: /Users/ivanprotsiuk/Documents/unity/Reloader/Reloader/
[40m[32minfo[39m[22m[49m: Microsoft.AspNetCore.Hosting.Diagnostics[1]
      Request starting HTTP/2 POST http://ilpp/UnityILPP.PostProcessing/Ping application/grpc -
[40m[32minfo[39m[22m[49m: Microsoft.AspNetCore.Routing.EndpointMiddleware[0]
      Executing endpoint 'gRPC - /UnityILPP.PostProcessing/Ping'
[40m[32minfo[39m[22m[49m: Microsoft.AspNetCore.Routing.EndpointMiddleware[1]
      Executed endpoint 'gRPC - /UnityILPP.PostProcessing/Ping'
[40m[32minfo[39m[22m[49m: Microsoft.AspNetCore.Hosting.Diagnostics[2]
      Request finished HTTP/2 POST http://ilpp/UnityILPP.PostProcessing/Ping application/grpc - - 200 - application/grpc 19.0332ms
Starting: /Applications/Unity/Hub/Editor/6000.3.8f1/Unity.app/Contents/Resources/BuildPipeline/bee_backend --ipc --defer-dag-verification --dagfile="Library/Bee/200b0aE.dag" --continue-on-failure --profile="Library/Bee/backend1.traceevents" ScriptAssemblies
WorkingDir: /Users/ivanprotsiuk/Documents/unity/Reloader/Reloader
DisplayProgressbar: Compiling Scripts
[40m[32minfo[39m[22m[49m: Microsoft.AspNetCore.Hosting.Diagnostics[1]
      Request starting HTTP/2 POST http://ilpp/UnityILPP.PostProcessing/ConfigurePostProcessors application/grpc -
[40m[32minfo[39m[22m[49m: Microsoft.AspNetCore.Routing.EndpointMiddleware[0]
      Executing endpoint 'gRPC - /UnityILPP.PostProcessing/ConfigurePostProcessors'
[40m[1m[33mwarn[39m[22m[49m: Unity.ILPP.Runner.PostProcessingAssemblyLoadContext[0]
      Assembly system.runtime.interopservices.windowsruntime has duplicate hint path. Ignoring "/Applications/Unity/Hub/Editor/6000.3.8f1/Unity.app/Contents/Resources/Scripting/UnityReferenceAssemblies/unity-4.8-api/Facades/System.Runtime.InteropServices.WindowsRuntime.dll" in favor of "/Applications/Unity/Hub/Editor/6000.3.8f1/Unity.app/Contents/Resources/Scripting/NetStandard/Extensions/2.0.0/System.Runtime.InteropServices.WindowsRuntime.dll"
[40m[1m[33mwarn[39m[22m[49m: Unity.ILPP.Runner.PostProcessingAssemblyLoadContext[0]
      Assembly system.componentmodel.composition has duplicate hint path. Ignoring "/Applications/Unity/Hub/Editor/6000.3.8f1/Unity.app/Contents/Resources/Scripting/UnityReferenceAssemblies/unity-4.8-api/System.ComponentModel.Composition.dll" in favor of "/Applications/Unity/Hub/Editor/6000.3.8f1/Unity.app/Contents/Resources/Scripting/NetStandard/compat/2.1.0/shims/netfx/System.ComponentModel.Composition.dll"
[40m[32minfo[39m[22m[49m: Unity.ILPP.Runner.PostProcessingAssemblyLoadContext[0]
      Resolved Unity.Burst.Cecil, Version=0.11.4.0, Culture=neutral, PublicKeyToken=50cebf1cceb9d05e with Library/PackageCache/com.unity.burst@973857688024/Unity.Burst.CodeGen/Unity.Burst.Cecil.dll
[40m[32minfo[39m[22m[49m: Unity.ILPP.Runner.PostProcessingAssemblyLoadContext[0]
      Resolved Mono.Cecil, Version=0.11.5.0, Culture=neutral, PublicKeyToken=50cebf1cceb9d05e with Library/PackageCache/com.unity.nuget.mono-cecil@ecb9724e46ff/Mono.Cecil.dll
[40m[32minfo[39m[22m[49m: Microsoft.AspNetCore.Routing.EndpointMiddleware[1]
      Executed endpoint 'gRPC - /UnityILPP.PostProcessing/ConfigurePostProcessors'
[40m[32minfo[39m[22m[49m: Microsoft.AspNetCore.Hosting.Diagnostics[2]
      Request finished HTTP/2 POST http://ilpp/UnityILPP.PostProcessing/ConfigurePostProcessors application/grpc - - 200 - application/grpc 12.3209ms
ExitCode: 0 Duration: 0s277ms
[ 763/1013  0s] ILPP-Configuration Library/ilpp-configuration.nevergeneratedoutput
*** Tundra build success (0.26 seconds), 1 items updated, 1013 evaluated
AssetDatabase: script compilation time: 0.616295s
Begin MonoManager ReloadAssembly
Total cache size 267403336
Total cache size after purge 267403336, took 00:00:00.1077920
Symbol file LoadedFromMemory is not a mono symbol file
- Loaded All Assemblies, in  0.334 seconds
'Packages/com.unity.cinemachine/Editor/Editors/CinemachineVirtualCameraBaseEditor.cs' contains partial class of Unity.Object, exactly 1 of the partial classes needs to be in a file with the same filename. This is to know the one that can be referenced from ie. GameObjects
'Packages/com.unity.cinemachine/Editor/Obsolete/CinemachineVirtualCameraBaseEditor.cs' contains partial class of Unity.Object, exactly 1 of the partial classes needs to be in a file with the same filename. This is to know the one that can be referenced from ie. GameObjects
Refreshing native plugins compatible for Editor in 0.30 ms, found 1 plugins.
Native extension for OSXStandalone target not found
Native extension for WebGL target not found
Assembly reference Packages/com.unity.cinemachine/Editor/Samples/ExposeHDRPInternals/HDRP-Editor-ref.asmref has no target assembly definition
ScheduleIndexationOnStartup MainProcess:True IndexOnStartup:True
Mono: successfully reloaded assembly
- Finished resetting the current domain, in  1.661 seconds
Domain Reload Profiling: 1995ms
	BeginReloadAssembly (70ms)
		ExecutionOrderSort (0ms)
		DisableScriptedObjects (5ms)
		BackupInstance (0ms)
		ReleaseScriptingObjects (0ms)
		CreateAndSetChildDomain (23ms)
	RebuildCommonClasses (18ms)
	RebuildNativeTypeToScriptingClass (7ms)
	initialDomainReloadingComplete (11ms)
	LoadAllAssembliesAndSetupDomain (228ms)
		LoadAssemblies (135ms)
		RebuildTransferFunctionScriptingTraits (0ms)
		AnalyzeDomain (121ms)
			TypeCache.Refresh (86ms)
				TypeCache.ScanAssembly (77ms)
			BuildScriptInfoCaches (28ms)
			ResolveRequiredComponents (6ms)
	FinalizeReload (1661ms)
		ReleaseScriptCaches (0ms)
		RebuildScriptCaches (0ms)
		SetupLoadedEditorAssemblies (1550ms)
			LogAssemblyErrors (0ms)
			InitializePlatformSupportModulesInManaged (11ms)
			SetLoadedEditorAssemblies (2ms)
			BeforeProcessingInitializeOnLoad (85ms)
			ProcessInitializeOnLoadAttributes (1419ms)
			ProcessInitializeOnLoadMethodAttributes (32ms)
			AfterProcessingInitializeOnLoad (1ms)
			EditorAssembliesLoaded (0ms)
		ExecutionOrderSort2 (0ms)
		AwakeInstancesAfterBackupRestoration (2ms)
Asset Pipeline Refresh (id=439ae911fbe3d42cead0f5249602c2e7): Total: 3.227 seconds - Initiated by InitialRefreshV2(ForceSynchronousImport)
	Summary:
		Imports: total=0 (actual=0, local cache=0, cache server=0)
		Asset DB Process Time: managed=0 ms, native=2210 ms
		Asset DB Callback time: managed=34 ms, native=9 ms
		Scripting: domain reloads=1, domain reload time=334 ms, compile time=617 ms, other=21 ms
		Project Asset Count: scripts=1734, non-scripts=6983
		Asset File Changes: new=0, changed=0, moved=0, deleted=0
		Scan Filter Count: 1
	InvokeCustomDependenciesCallbacks: 0.000ms
	InvokePackagesCallback: 9.905ms
	ApplyChangesToAssetFolders: 0.159ms
	Scan: 359.117ms
	OnSourceAssetsModified: 0.000ms
	CategorizeAssetsWithTransientArtifact: 23.265ms
	ProcessAssetsWithTransientArtifactChanges: 36.405ms
	CategorizeAssets: 61.943ms
	ImportOutOfDateAssets: 1665.737ms (1047.123ms without children)
		CompileScripts: 616.954ms
		ReloadNativeAssets: 0.017ms
		UnloadImportedAssets: 0.556ms
		EnsureUptoDateAssetsAreRegisteredWithGuidPM: 0.699ms
		InitializingProgressBar: 0.000ms
		PostProcessAllAssetNotificationsAddChangedAssets: 0.000ms
		OnDemandSchedulerStart: 0.389ms
	PostProcessAllAssets: 34.741ms
	GatherAllCurrentPrimaryArtifactRevisions: 0.000ms
	UnloadStreamsBegin: 0.511ms
	PersistCurrentRevisions: 0.163ms
	UnloadStreamsEnd: 0.001ms
	GenerateScriptTypeHashes: 1.314ms
	Untracked: 1035.396ms

Application.AssetDatabase Initial Refresh End
Launching external process: /Applications/Unity/Hub/Editor/6000.3.8f1/Unity.app/Contents/Helpers/UnityShaderCompiler
Launched and connected shader compiler UnityShaderCompiler after 0.02 seconds
Scanning for USB devices : 0.120ms
Initializing Unity extensions:
[MODES] ModeService[none].Initialize
[MODES] ModeService[none].LoadModes
[MODES] Loading mode Default (0) for mode-current-id-Reloader
2026-02-24 17:30:44.269 Unity[31427:31775179] NSEventModifierFlagFunction specified to -setKeyEquivalentModifierMask: for item <NSMenuItem: 0xc572d77a0 SDF, ke='Command-F12'>, but is only supported for system-provided menu items; will not be used
Unloading 123 Unused Serialized files (Serialized files now loaded: 0)
Unloading 6966 unused Assets / (25.5 MB). Loaded Objects now: 7665.
Memory consumption went from 265.2 MB to 239.7 MB.
Total: 10.943750 ms (FindLiveObjects: 0.307750 ms CreateObjectMapping: 0.122250 ms MarkObjects: 4.469750 ms  DeleteObjects: 6.043625 ms)

[Project] Loading completed in 4.464 seconds
	Project init time: 				4.132 seconds
		Template init time: 		0.000 seconds
		Package Manager init time: 		0.138 seconds
		Asset Database init time: 		0.158 seconds
		Global illumination init time: 	0.000 seconds
		Assemblies load time: 			0.377 seconds
		Unity extensions init time: 	0.021 seconds
		Asset Database refresh time: 	3.227 seconds
	Scene opening time: 			0.276 seconds
##utp:{"type":"ProjectInfo","version":2,"phase":"Immediate","time":1771983044326,"processId":31427,"projectLoad":4.464453666,"projectInit":4.131788916,"templateInit":0.0,"packageManagerInit":0.137581042,"assetDatabaseInit":0.157739458,"globalIlluminationInit":0.000416542,"assembliesLoad":0.37662125,"unityExtensionsInit":0.020990875,"assetDatabaseRefresh":3.227398917,"sceneOpening":0.275965875}
##utp:{"type":"EditorInfo","version":2,"phase":"Immediate","time":1771983044326,"processId":31427,"editorVersion":"6000.3.8f1 (1c7db571dde0)","branch":"6000.3/staging","buildType":"Release","platform":"OSX"}
Subscribe to USB device events
Scanning for USB devices : 0.088ms
Asset Pipeline Refresh (id=15a83ac3d6c9541c99f998005e488be3): Total: 0.230 seconds - Initiated by RefreshV2(NoUpdateAssetOptions)

=================================================================
	Native Crash Reporting
=================================================================
Got a segv while executing native code. This usually indicates
a fatal error in the mono runtime or one of the native libraries 
used by your application.
=================================================================

=================================================================
	Native stacktrace:
=================================================================
	0x176b0137c - /Applications/Unity/Hub/Editor/6000.3.8f1/Unity.app/Contents/Frameworks/libmonobdwgc-2.0.dylib : mono_dump_native_crash_info
	0x176ac35fc - /Applications/Unity/Hub/Editor/6000.3.8f1/Unity.app/Contents/Frameworks/libmonobdwgc-2.0.dylib : mono_handle_native_crash
	0x176a4be04 - /Applications/Unity/Hub/Editor/6000.3.8f1/Unity.app/Contents/Frameworks/libmonobdwgc-2.0.dylib : mono_sigsegv_signal_handler_debug
	0x181a25764 - /usr/lib/system/libsystem_platform.dylib : _sigtramp
	0x35d8426f0 - Unknown
	0x35c7474d4 - Unknown
	0x3432e8174 - Unknown
	0x3432e6970 - Unknown
	0x3432e65d8 - Unknown
	0x3432e608c - Unknown
	0x31aba8c80 - Unknown
	0x31aba8ab8 - Unknown
	0x31aba898c - Unknown
	0x31aba87e0 - Unknown
	0x31aba86d4 - Unknown
	0x31aba868c - Unknown
	0x17b1831a4 - Unknown
	0x17b182e1c - Unknown
	0x31aba7f08 - Unknown
	0x31aba79b0 - Unknown
	0x31aba77d0 - Unknown
	0x31aba75c0 - Unknown
	0x17b183c14 - Unknown
	0x17b183744 - Unknown
	0x17b1831a4 - Unknown
	0x17b182e1c - Unknown
	0x17b182cec - Unknown
	0x17b182aec - Unknown
	0x17b182a28 - Unknown
	0x176a4f0d8 - /Applications/Unity/Hub/Editor/6000.3.8f1/Unity.app/Contents/Frameworks/libmonobdwgc-2.0.dylib : mono_jit_runtime_invoke
	0x176bd4b64 - /Applications/Unity/Hub/Editor/6000.3.8f1/Unity.app/Contents/Frameworks/libmonobdwgc-2.0.dylib : do_runtime_invoke
	0x176bd652c - /Applications/Unity/Hub/Editor/6000.3.8f1/Unity.app/Contents/Frameworks/libmonobdwgc-2.0.dylib : mono_runtime_delegate_try_invoke
	0x176bf6bd0 - /Applications/Unity/Hub/Editor/6000.3.8f1/Unity.app/Contents/Frameworks/libmonobdwgc-2.0.dylib : start_wrapper_internal
	0x176bf6988 - /Applications/Unity/Hub/Editor/6000.3.8f1/Unity.app/Contents/Frameworks/libmonobdwgc-2.0.dylib : start_wrapper
	0x176c75f50 - /Applications/Unity/Hub/Editor/6000.3.8f1/Unity.app/Contents/Frameworks/libmonobdwgc-2.0.dylib : GC_inner_start_routine
	0x176c75ed8 - /Applications/Unity/Hub/Editor/6000.3.8f1/Unity.app/Contents/Frameworks/libmonobdwgc-2.0.dylib : GC_start_routine
	0x181a1bc08 - /usr/lib/system/libsystem_pthread.dylib : _pthread_start
	0x181a16ba8 - /usr/lib/system/libsystem_pthread.dylib : thread_start

=================================================================
	Telemetry Dumper:
=================================================================
Pkilling 0x13425029120x from 0x13081096192x
Pkilling 0x12943306752x from 0x13081096192x
Pkilling 0x13085388800x from 0x13081096192x
Pkilling 0x6296645632x from 0x13081096192x
Pkilling 0x8284369024x from 0x13081096192x
Pkilling 0x13165162496x from 0x13081096192x
Pkilling 0x12928020480x from 0x13081096192x
Pkilling 0x13169455104x from 0x13081096192x
Pkilling 0x12932313088x from 0x13081096192x
Pkilling 0x12936605696x from 0x13081096192x
Pkilling 0x12940898304x from 0x13081096192x
Pkilling 0x6391361536x from 0x13081096192x
Pkilling 0x14400188416x from 0x13081096192x
Pkilling 0x13098053632x from 0x13081096192x
Pkilling 0x13102346240x from 0x13081096192x
Pkilling 0x6149484544x from 0x13081096192x
Pkilling 0x13106638848x from 0x13081096192x
Pkilling 0x6150057984x from 0x13081096192x
Pkilling 0x12921319424x from 0x13081096192x
Pkilling 0x12925612032x from 0x13081096192x
Pkilling 0x13422882816x from 0x13081096192x
Pkilling 0x13663236096x from 0x13081096192x
Pkilling 0x6150631424x from 0x13081096192x
Pkilling 0x6151204864x from 0x13081096192x
Pkilling 0x13083242496x from 0x13081096192x
Pkilling 0x6151778304x from 0x13081096192x
Pkilling 0x6152351744x from 0x13081096192x
Pkilling 0x6152925184x from 0x13081096192x
Pkilling 0x6294499328x from 0x13081096192x
Pkilling 0x6153498624x from 0x13081096192x
Pkilling 0x13001732096x from 0x13081096192x
Pkilling 0x12930166784x from 0x13081096192x
Pkilling 0x13167308800x from 0x13081096192x
Pkilling 0x13171601408x from 0x13081096192x
Pkilling 0x12934459392x from 0x13081096192x
Pkilling 0x12938752000x from 0x13081096192x
Pkilling 0x14029975552x from 0x13081096192x
Pkilling 0x13592031232x from 0x13081096192x
Pkilling 0x14398042112x from 0x13081096192x
Pkilling 0x13100199936x from 0x13081096192x
Pkilling 0x13104492544x from 0x13081096192x
Pkilling 0x13108785152x from 0x13081096192x
Pkilling 0x12923465728x from 0x13081096192x
Entering thread summarizer pause from 0x13081096192x
Finished thread summarizer pause from 0x13081096192x.
Failed to create breadcrumb file (null)/crash_hash_0x11fb46d1a2
debugger-agent: Unable to listen on 45

Waiting for dumping threads to resume
2026-02-24 17:30:45.639 Unity[31427:31775179] NSEventModifierFlagFunction specified to -setKeyEquivalentModifierMask: for item <NSMenuItem: 0xc572ddae0 SDF, ke='Command-F12'>, but is only supported for system-provided menu items; will not be used
2026-02-24 17:30:45.642 Unity[31427:31775179] NSEventModifierFlagFunction specified to -setKeyEquivalentModifierMask: for item <NSMenuItem: 0xc572d66c0 SDF, ke='Command-F12'>, but is only supported for system-provided menu items; will not be used
Running tests for ExecutionSettings with details:
targetPlatform = 
playerHeartbeatTimeout = 600
filters[0] = 
   Filter with settings:
   testMode = PlayMode
   targetPlatform = 
   testNames = null
   groupNames = PlayerInventoryControllerPlayModeTests
   categoryNames = null
   assemblyNames = null
ignoreTests = {}
featureFlags = null

UnityEngine.Debug:ExtractStackTraceNoAlloc (byte*,int,string)
UnityEngine.StackTraceUtility:ExtractStackTrace () (at /Users/bokken/build/output/unity/unity/Runtime/Export/Scripting/StackTrace.cs:35)
UnityEngine.DebugLogHandler:Internal_Log (UnityEngine.LogType,UnityEngine.LogOption,string,UnityEngine.Object)
UnityEngine.DebugLogHandler:LogFormat (UnityEngine.LogType,UnityEngine.Object,string,object[])
UnityEngine.Logger:Log (UnityEngine.LogType,object)
UnityEngine.Debug:Log (object)
UnityEditor.TestTools.TestRunner.CommandLineTest.Executer:InitializeAndExecuteRun (string[]) (at ./Library/PackageCache/com.unity.test-framework@0b7a23ab2e1d/UnityEditor.TestRunner/CommandLineTest/Executer.cs:53)
UnityEditor.TestTools.TestRunner.CommandLineTest.TestStarter:InitializeAndExecuteRun () (at ./Library/PackageCache/com.unity.test-framework@0b7a23ab2e1d/UnityEditor.TestRunner/CommandLineTest/TestStarter.cs:64)
UnityEditor.EditorApplication:Internal_CallUpdateFunctions () (at /Users/bokken/build/output/unity/unity/Editor/Mono/EditorApplication.cs:392)

(Filename: ./Library/PackageCache/com.unity.test-framework@0b7a23ab2e1d/UnityEditor.TestRunner/CommandLineTest/Executer.cs Line: 53)

Start Indexing on Editor startup
[Indexing] Starting Initial Indexing for Assets
2026-02-24 17:30:45.729 Unity[31427:31775179] NSEventModifierFlagFunction specified to -setKeyEquivalentModifierMask: for item <NSMenuItem: 0xc572d4780 SDF, ke='Command-F12'>, but is only supported for system-provided menu items; will not be used
[UnityConnectServicesConfig] config is NOT valid, switching to default
Created GICache directory at /Users/ivanprotsiuk/Library/Caches/com.unity3d.UnityEditor/GiCache. Took: 0.001s, timestamps: [4.466 - 4.467]
Unloading 1 Unused Serialized files (Serialized files now loaded: 0)
Unloading 1 unused Assets / (42.9 KB). Loaded Objects now: 7708.
Memory consumption went from 190.6 MB to 190.5 MB.
Total: 14.903583 ms (FindLiveObjects: 0.112542 ms CreateObjectMapping: 0.052250 ms MarkObjects: 14.691750 ms  DeleteObjects: 0.046833 ms)

Start importing Assets/InitTestScenefed4e544-433c-40ce-8290-3241c1ecd005.unity using Guid(b6b9a1592cbe64299995958ef8a0ee61) (DefaultImporter) -> (artifact id: '1e537845175b45ad87abc6699a220f54') in 0.002367583 seconds
Refreshing native plugins compatible for Editor in 0.39 ms, found 1 plugins.
Preloading 0 native plugins for Editor in 0.00 ms.
Asset Pipeline Refresh (id=72af0c77515eb43eab420459cda14bca): Total: 0.161 seconds - Initiated by StopAssetImportingV2(NoUpdateAssetOptions)
Executing IPrebuildSetup for: Unity.PerformanceTesting.Editor.TestRunBuilder.
UnityEngine.Debug:ExtractStackTraceNoAlloc (byte*,int,string)
UnityEngine.StackTraceUtility:ExtractStackTrace () (at /Users/bokken/build/output/unity/unity/Runtime/Export/Scripting/StackTrace.cs:35)
UnityEngine.DebugLogHandler:Internal_Log (UnityEngine.LogType,UnityEngine.LogOption,string,UnityEngine.Object)
UnityEngine.DebugLogHandler:LogFormat (UnityEngine.LogType,UnityEngine.Object,string,object[])
UnityEngine.Logger:Log (UnityEngine.LogType,object)
UnityEngine.Debug:Log (object)
UnityEditor.TestTools.TestRunner.TestRun.Tasks.BuildActionTaskBase`1/<ExecuteMethods>d__8<UnityEngine.TestTools.IPrebuildSetup>:MoveNext () (at ./Library/PackageCache/com.unity.test-framework@0b7a23ab2e1d/UnityEditor.TestRunner/TestRun/Tasks/BuildActionTaskBase.cs:48)
UnityEditor.TestTools.TestRunner.TestRun.Tasks.BuildActionTaskBase`1/<Execute>d__7<UnityEngine.TestTools.IPrebuildSetup>:MoveNext () (at ./Library/PackageCache/com.unity.test-framework@0b7a23ab2e1d/UnityEditor.TestRunner/TestRun/Tasks/BuildActionTaskBase.cs:34)
UnityEditor.TestTools.TestRunner.TestRun.TestJobRunner:ExecuteStep () (at ./Library/PackageCache/com.unity.test-framework@0b7a23ab2e1d/UnityEditor.TestRunner/TestRun/TestJobRunner.cs:173)
UnityEditor.TestTools.TestRunner.TestRun.TestJobRunner:ExecuteCallback () (at ./Library/PackageCache/com.unity.test-framework@0b7a23ab2e1d/UnityEditor.TestRunner/TestRun/TestJobRunner.cs:108)
UnityEditor.EditorApplication:Internal_CallUpdateFunctions () (at /Users/bokken/build/output/unity/unity/Editor/Mono/EditorApplication.cs:392)

(Filename: ./Library/PackageCache/com.unity.test-framework@0b7a23ab2e1d/UnityEditor.TestRunner/TestRun/Tasks/BuildActionTaskBase.cs Line: 48)

DisplayProgressbar: Unity Version Control

=================================================================
	External Debugger Dump:
=================================================================

=================================================================
	Basic Fault Address Reporting
=================================================================
Memory around native instruction pointer (0x37b1843b8):0x37b1843a8  Obtained 38 stack frames.
#0  0x00000176c3bc80 in mono_dump_mem
#1  0x00000176b01524 in mono_dump_native_crash_info
#2  0x00000176ac35fc in mono_handle_native_crash
#3  0x00000176a4be04 in mono_sigsegv_signal_handler_debug
#4  0x00000181a25764 in _sigtramp
#5  0x0000035d8426f0 in  Burst.Compiler.IL.Server.CompilerServer:RaiseLibraryCompiled (Burst.Compiler.IL.Server.CompilationMessageStreamer,Burst.Compiler.IL.Server.LibraryCompiledEventArgs) [{0xc57e23258} + 0x50]  (0x35d8426a0 0x35d842744) [0x17b459a80 - Burst Child Domain]
#6  0x0000035c7474d4 in  Burst.Compiler.IL.Server.CompilerServer:CompileMethodGroup (Burst.Compiler.IL.Server.CompileMethodGroupJob,Burst.Compiler.IL.Server.CompilationMessageStreamer,Burst.Compiler.IL.Server.ProgressMessageHelper) [{0xc56ae3548} + 0x24c]  (0x35c747288 0x35c747560) [0x17b459a80 - Burst Child Domain]
#7  0x000003432e8174 in  Burst.Compiler.IL.Server.CompilerServer/<CompileLibrary>d__19:MoveNext () [{0xc56ae2840} + 0x484]  (0x3432e7cf0 0x3432e869c) [0x17b459a80 - Burst Child Domain]
#8  0x000003432e6970 in  System.Runtime.CompilerServices.AsyncTaskMethodBuilder:Start<Burst.Compiler.IL.Server.CompilerServer/<CompileLibrary>d__19> (Burst.Compiler.IL.Server.CompilerServer/<CompileLibrary>d__19&) [{0xc63b4a100} + 0x80]  (0x3432e68f0 0x3432e69ac) [0x17b459a80 - Burst Child Domain]
#9  0x000003432e65d8 in  Burst.Compiler.IL.Server.CompilerServer:CompileLibrary (Burst.Compiler.IL.Server.CompileLibraryJob,Burst.Compiler.IL.Server.CompilationMessageStreamer,Burst.Compiler.IL.Server.ProgressMessageHelper,System.Threading.CancellationToken) [{0xc56ae2108} + 0x100]  (0x3432e64d8 0x3432e65f8) [0x17b459a80 - Burst Child Domain]
#10 0x000003432e608c in  Burst.Compiler.IL.Server.CompilerServer/<>c__DisplayClass17_1:<Compile>b__1 (Burst.Compiler.IL.Server.Caching.CacheManager) [{0xc57e23bd0} + 0x54]  (0x3432e6038 0x3432e60a8) [0x17b459a80 - Burst Child Domain]
#11 0x0000031aba8c80 in  Burst.Compiler.IL.Server.CompilerServer/<>c__DisplayClass25_0/<<RunTask>b__0>d:MoveNext () [{0xc57cd4b78} + 0xc8]  (0x31aba8bb8 0x31aba8fc8) [0x17b459a80 - Burst Child Domain]
#12 0x0000031aba8ab8 in  System.Runtime.CompilerServices.AsyncTaskMethodBuilder:Start<Burst.Compiler.IL.Server.CompilerServer/<>c__DisplayClass25_0/<<RunTask>b__0>d> (Burst.Compiler.IL.Server.CompilerServer/<>c__DisplayClass25_0/<<RunTask>b__0>d&) [{0xc5da72460} + 0xa0]  (0x31aba8a18 0x31aba8af4) [0x17b459a80 - Burst Child Domain]
#13 0x0000031aba898c in  Burst.Compiler.IL.Server.CompilerServer/<>c__DisplayClass25_0:<RunTask>b__0 () [{0xc57cc3e98} + 0x94]  (0x31aba88f8 0x31aba89a8) [0x17b459a80 - Burst Child Domain]
#14 0x0000031aba87e0 in  System.Threading.Tasks.Task`1<TResult_REF>:InnerInvoke () [{0xc611da280} + 0x58]  (0x31aba8788 0x31aba8894) [0x17b459a80 - Burst Child Domain]
#15 0x0000031aba86d4 in  System.Threading.Tasks.Task:Execute () [{0xc5902fbe0} + 0x24]  (0x31aba86b0 0x31aba8718) [0x17b459a80 - Burst Child Domain]
#16 0x0000031aba868c in  System.Threading.Tasks.Task:ExecutionContextCallback (object) [{0xc5902fc08} + 0x54]  (0x31aba8638 0x31aba869c) [0x17b459a80 - Burst Child Domain]
#17 0x0000017b1831a4 in  System.Threading.ExecutionContext:RunInternal (System.Threading.ExecutionContext,System.Threading.ContextCallback,object,bool) [{0xc59be6b80} + 0x17c]  (0x17b183028 0x17b1831ec) [0x17b459a80 - Burst Child Domain]
#18 0x0000017b182e1c in  System.Threading.ExecutionContext:Run (System.Threading.ExecutionContext,System.Threading.ContextCallback,object,bool) [{0xc59be6b28} + 0x2c]  (0x17b182df0 0x17b182e28) [0x17b459a80 - Burst Child Domain]
#19 0x0000031aba7f08 in  System.Threading.Tasks.Task:ExecuteWithThreadLocal (System.Threading.Tasks.Task&) [{0xc5902fae0} + 0x118]  (0x31aba7df0 0x31aba7f84) [0x17b459a80 - Burst Child Domain]
#20 0x0000031aba79b0 in  System.Threading.Tasks.Task:ExecuteEntry (bool) [{0xc5902fa18} + 0xc0]  (0x31aba78f0 0x31aba7a3c) [0x17b459a80 - Burst Child Domain]
#21 0x0000031aba77d0 in  System.Threading.Tasks.TaskScheduler:TryExecuteTask (System.Threading.Tasks.Task) [{0xc57cda0c8} + 0x38]  (0x31aba7798 0x31aba7800) [0x17b459a80 - Burst Child Domain]
#22 0x0000031aba75c0 in  Burst.Compiler.IL.Server.CompilerServerTaskScheduler/TaskJob:Execute (Burst.Compiler.IL.Server.GlobalContext) [{0xc57cd4238} + 0x28]  (0x31aba7598 0x31aba75d0) [0x17b459a80 - Burst Child Domain]
#23 0x0000017b183c14 in  Burst.Compiler.IL.Server.CompilerThread:CompilerThreadLoop () [{0xc58132e40} + 0x3dc]  (0x17b183838 0x17b183fa4) [0x17b459a80 - Burst Child Domain]
#24 0x0000017b183744 in  System.Threading.ThreadHelper:ThreadStart_Context (object) [{0xc59bd3e60} + 0xbc]  (0x17b183688 0x17b1837b0) [0x17b459a80 - Burst Child Domain]
#25 0x0000017b1831a4 in  System.Threading.ExecutionContext:RunInternal (System.Threading.ExecutionContext,System.Threading.ContextCallback,object,bool) [{0xc59be6b80} + 0x17c]  (0x17b183028 0x17b1831ec) [0x17b459a80 - Burst Child Domain]
#26 0x0000017b182e1c in  System.Threading.ExecutionContext:Run (System.Threading.ExecutionContext,System.Threading.ContextCallback,object,bool) [{0xc59be6b28} + 0x2c]  (0x17b182df0 0x17b182e28) [0x17b459a80 - Burst Child Domain]
#27 0x0000017b182cec in  System.Threading.ExecutionContext:Run (System.Threading.ExecutionContext,System.Threading.ContextCallback,object) [{0xc59be6ab0} + 0x4c]  (0x17b182ca0 0x17b182d3c) [0x17b459a80 - Burst Child Domain]
#28 0x0000017b182aec in  System.Threading.ThreadHelper:ThreadStart () [{0xc59bd3ae0} + 0x34]  (0x17b182ab8 0x17b182b4c) [0x17b459a80 - Burst Child Domain]
#29 0x0000017b182a28 in  (wrapper runtime-invoke) object:runtime_invoke_void__this__ (object,intptr,intptr,intptr) [{0xc5a3965e8} + 0xd0]  (0x17b182958 0x17b182a64) [0x17b459a80 - Burst Child Domain]
#30 0x00000176a4f0d8 in mono_jit_runtime_invoke
#31 0x00000176bd4b64 in do_runtime_invoke
#32 0x00000176bd652c in mono_runtime_delegate_try_invoke
#33 0x00000176bf6bd0 in start_wrapper_internal
#34 0x00000176bf6988 in start_wrapper
#35 0x00000176c75f50 in GC_inner_start_routine
#36 0x00000176c75ed8 in GC_start_routine
#37 0x00000181a1bc08 in _pthread_start
[40m[32minfo[39m[22m[49m: Microsoft.Hosting.Lifetime[0]
      Application is shutting down...
[40m[32minfo[39m[22m[49m: Unity.ILPP.Runner.PostProcessingAssemblyLoadContext[0]
      ALC ILPP context 1 is unloading
