Unity Editor version:    6000.3.8f1 (1c7db571dde0)
Branch:                  6000.3/staging
Build type:              Release
Batch mode:              YES
macOS version:           Version 26.3 (Build 25D125)
Darwin version:          25.3.0
Architecture:            arm64
Running under Rosetta:   NO
Available memory:        24576 MB
Date:                    2026-02-25T01:30:11Z
[Licensing::Module] Trying to connect to existing licensing client channel...
[Licensing::IpcConnector] Successfully connected to: "LicenseClient-ivanprotsiuk" at "2026-02-25T01:30:11.83216Z"
Launching external process: /Applications/Unity/Hub/Editor/6000.3.8f1/Unity.app/Contents/Resources/PackageManager/Server/UnityPackageManager

COMMAND LINE ARGUMENTS:
/Applications/Unity/Hub/Editor/6000.3.8f1/Unity.app/Contents/MacOS/Unity
-batchmode
-projectPath
/Users/ivanprotsiuk/Documents/unity/Reloader/Reloader
-runTests
-testPlatform
editmode
-testResults
tmp/items-editmode.xml
-logFile
tmp/items-editmode.log
-testFilter
ItemInstanceTests|ItemRegistryTests|ItemLocationServiceTests|InventoryEventContractsTests|PlayerInventoryRuntimeTests
Successfully changed project path to: /Users/ivanprotsiuk/Documents/unity/Reloader/Reloader
/Users/ivanprotsiuk/Documents/unity/Reloader/Reloader
[UnityMemory] Configuration Parameters - Can be set up in boot.config
    "memorysetup-allocator-temp-initial-block-size-main=262144"
    "memorysetup-allocator-temp-initial-block-size-worker=262144"
    "memorysetup-temp-allocator-size-background-worker=32768"
    "memorysetup-temp-allocator-size-job-worker=262144"
    "memorysetup-temp-allocator-size-preload-manager=33554432"
    "memorysetup-temp-allocator-size-nav-mesh-worker=65536"
    "memorysetup-temp-allocator-size-audio-worker=65536"
    "memorysetup-temp-allocator-size-cloud-worker=32768"
    "memorysetup-bucket-allocator-granularity=16"
    "memorysetup-bucket-allocator-bucket-count=8"
    "memorysetup-bucket-allocator-block-size=33554432"
    "memorysetup-bucket-allocator-block-count=8"
    "memorysetup-main-allocator-block-size=16777216"
    "memorysetup-thread-allocator-block-size=16777216"
    "memorysetup-gfx-main-allocator-block-size=16777216"
    "memorysetup-gfx-thread-allocator-block-size=16777216"
    "memorysetup-cache-allocator-block-size=4194304"
    "memorysetup-typetree-allocator-block-size=2097152"
    "memorysetup-profiler-bucket-allocator-granularity=16"
    "memorysetup-profiler-bucket-allocator-bucket-count=8"
    "memorysetup-profiler-bucket-allocator-block-size=33554432"
    "memorysetup-profiler-bucket-allocator-block-count=8"
    "memorysetup-profiler-allocator-block-size=16777216"
    "memorysetup-profiler-editor-allocator-block-size=1048576"
    "memorysetup-temp-allocator-size-main=16777216"
    "memorysetup-job-temp-allocator-block-size=2097152"
    "memorysetup-job-temp-allocator-block-size-background=1048576"
    "memorysetup-job-temp-allocator-reduction-small-platforms=262144"
    "memorysetup-temp-allocator-size-gi-baking-worker=262144"
    "memorysetup-temp-allocator-size-gi-baking-worker=262144"
    "memorysetup-temp-allocator-size-gi-baking-worker=262144"
    "memorysetup-temp-allocator-size-gi-baking-worker=262144"
    "memorysetup-temp-allocator-size-gi-baking-worker=262144"
    "memorysetup-temp-allocator-size-gfx=262144"
Player connection [8284369024]  Target information:

Player connection [8284369024]  * "[IP] 192.168.4.140 [Port] 55504 [Flags] 2 [Guid] 1867351077 [EditorId] 1867351077 [Version] 1048832 [Id] OSXEditor(0,Ivans-MacBook-Pro.local) [Debug] 1 [PackageName] OSXEditor [ProjectName] Editor" 

Player connection [8284369024] Host joined multi-casting on [225.0.0.222:54997]...
Player connection [8284369024] Host joined alternative multi-casting on [225.0.0.222:34997]...
Input System module state changed to: Initialized.
[Physics::Module] Initialized fallback backend.
[Physics::Module] Id: 0xdecafbad
[Package Manager] Connected to IPC stream "Upm-31347" after 0.1 seconds.
[Licensing::Module] Licensing is not yet initialized.
[Licensing::Client] Handshaking with LicensingClient:
  Version:                 1.17.4+4293ba1
  Session Id:              273751410a98437890a5e5a6267f7ae9
  Correlation Id:          1d36f0138514c646c369d0a35e2bed74
  External correlation Id: 3842996805429827990
  Machine Id:              ZMMMIo2+GGIgqX8lf4Z2t/ao2os=
[Licensing::Module] Successfully connected to LicensingClient on channel: "LicenseClient-ivanprotsiuk" (connect: 0.00s, validation: 0.00s, handshake: 0.21s)
[Licensing::IpcConnector] Successfully connected to: "LicenseClient-ivanprotsiuk-notifications" at "2026-02-25T01:30:12.040086Z"
[Licensing::Module] Error: Access token is unavailable; failed to update
[Licensing::Client] Successfully resolved entitlement details
[Licensing::Module] License group:
  Id: 20067556971916-UnityPersXXXX
  Product: Unity Personal
  Type: Assigned
  Expiration: Unlimited
[Licensing::Client] Successfully updated license, isAsync: True, time: 0.00
[Licensing::Module] Licensing Background thread has ended after 0.21s
[Licensing::Module] Licensing is initialized (took 0.02s).
[Licensing::Client] Successfully resolved entitlement details
Library Redirect Path: Library/
[Physics::Module] Selected backend.
[Physics::Module] Name: PhysX
[Physics::Module] Id: 0xf2b8ea05
[Physics::Module] SDK Version: 4.1.2
[Physics::Module] Integration Version: 1.0.0
[Physics::Module] Threading Mode: Multi-Threaded
Artifact Garbage Collection - Removed 2 unused hashed content files
Refreshing native plugins compatible for Editor in 0.02 ms, found 0 plugins.
Preloading 0 native plugins for Editor in 0.00 ms.
Initialize engine version: 6000.3.8f1 (1c7db571dde0)
[Subsystems] Discovering subsystems at path /Applications/Unity/Hub/Editor/6000.3.8f1/Unity.app/Contents/Resources/UnitySubsystems
[Subsystems] Discovering subsystems at path /Users/ivanprotsiuk/Documents/unity/Reloader/Reloader/Assets
GfxDevice: creating device client; kGfxThreadingModeNonThreaded
 preferred device: Apple M4 Pro (high power)
Metal devices available: 1
0: Apple M4 Pro (high power)
Using device Apple M4 Pro (high power)
Initializing Metal device caps: Apple M4 Pro
Mac GPU Family: 2
Apple GPU Family: 9
MSL Version: 3.0
Has Float MSAA: 1
Has Float Filtering: 1
ReadWrite Texture Tier: 2
Initialize mono
Mono path[0] = '/Applications/Unity/Hub/Editor/6000.3.8f1/Unity.app/Contents/Resources/Scripting/Managed'
Mono path[1] = '/Applications/Unity/Hub/Editor/6000.3.8f1/Unity.app/Contents/Resources/Scripting/MonoBleedingEdge/lib/mono/unityjit-macos'
Mono config path = '/Applications/Unity/Hub/Editor/6000.3.8f1/Unity.app/Contents/Resources/Scripting/MonoBleedingEdge/etc'
Using monoOptions --debugger-agent=transport=dt_socket,embedding=1,server=y,suspend=n,address=127.0.0.1:56347
Using cacheserver namespaces - metadata:defaultmetadata, artifacts:defaultartifacts
Using cacheserver namespaces - metadata:defaultmetadata, artifacts:defaultartifacts
ImportWorker Server TCP listen port: 0
AcceleratorClientConnectionCallback - disconnected - :0
Begin MonoManager ReloadAssembly
Registering precompiled unity dll's ...
Register platform support module: /Applications/Unity/Hub/Editor/6000.3.8f1/PlaybackEngines/WebGLSupport/UnityEditor.WebGL.Extensions.dll
Register platform support module: /Applications/Unity/Hub/Editor/6000.3.8f1/Unity.app/Contents/PlaybackEngines/MacStandaloneSupport/UnityEditor.OSXStandalone.Extensions.dll
Registered in 0.000358 seconds.
- Loaded All Assemblies, in  0.172 seconds
Native extension for OSXStandalone target not found
Native extension for WebGL target not found
ScheduleIndexationOnStartup MainProcess:False IndexOnStartup:True
Mono: successfully reloaded assembly
- Finished resetting the current domain, in  0.206 seconds
Domain Reload Profiling: 378ms
	BeginReloadAssembly (53ms)
		ExecutionOrderSort (0ms)
		DisableScriptedObjects (0ms)
		BackupInstance (0ms)
		ReleaseScriptingObjects (0ms)
		CreateAndSetChildDomain (19ms)
	RebuildCommonClasses (16ms)
	RebuildNativeTypeToScriptingClass (6ms)
	initialDomainReloadingComplete (17ms)
	LoadAllAssembliesAndSetupDomain (80ms)
		LoadAssemblies (34ms)
		RebuildTransferFunctionScriptingTraits (0ms)
		AnalyzeDomain (79ms)
			TypeCache.Refresh (78ms)
				TypeCache.ScanAssembly (71ms)
			BuildScriptInfoCaches (0ms)
			ResolveRequiredComponents (0ms)
	FinalizeReload (206ms)
		ReleaseScriptCaches (0ms)
		RebuildScriptCaches (0ms)
		SetupLoadedEditorAssemblies (186ms)
			LogAssemblyErrors (0ms)
			InitializePlatformSupportModulesInManaged (27ms)
			SetLoadedEditorAssemblies (2ms)
			BeforeProcessingInitializeOnLoad (46ms)
			ProcessInitializeOnLoadAttributes (76ms)
			ProcessInitializeOnLoadMethodAttributes (34ms)
			AfterProcessingInitializeOnLoad (0ms)
			EditorAssembliesLoaded (0ms)
		ExecutionOrderSort2 (0ms)
		AwakeInstancesAfterBackupRestoration (0ms)
[Licensing::Client] Successfully resolved entitlement details
Application.AssetDatabase Initial Refresh Start
Package Manager log level set to [2]
[Package Manager] Restoring resolved packages state from cache
[Licensing::Client] Successfully resolved entitlement details
[Package Manager] Registered 62 packages:
  Packages from [https://packages.unity.com]:
    com.unity.ai.navigation@2.0.10 (location: /Users/ivanprotsiuk/Documents/unity/Reloader/Reloader/Library/PackageCache/com.unity.ai.navigation@c33a115e9883)
    com.unity.cinemachine@3.1.5 (location: /Users/ivanprotsiuk/Documents/unity/Reloader/Reloader/Library/PackageCache/com.unity.cinemachine@5342685532bb)
    com.unity.collab-proxy@2.11.3 (location: /Users/ivanprotsiuk/Documents/unity/Reloader/Reloader/Library/PackageCache/com.unity.collab-proxy@e566cd3e7623)
    com.unity.ide.rider@3.0.39 (location: /Users/ivanprotsiuk/Documents/unity/Reloader/Reloader/Library/PackageCache/com.unity.ide.rider@4504839d03f7)
    com.unity.ide.visualstudio@2.0.26 (location: /Users/ivanprotsiuk/Documents/unity/Reloader/Reloader/Library/PackageCache/com.unity.ide.visualstudio@a99d56dec63f)
    com.unity.inputsystem@1.18.0 (location: /Users/ivanprotsiuk/Documents/unity/Reloader/Reloader/Library/PackageCache/com.unity.inputsystem@57d0e36f6123)
    com.unity.nuget.newtonsoft-json@3.2.1 (location: /Users/ivanprotsiuk/Documents/unity/Reloader/Reloader/Library/PackageCache/com.unity.nuget.newtonsoft-json@74deb55db2a0)
    com.unity.postprocessing@3.5.1 (location: /Users/ivanprotsiuk/Documents/unity/Reloader/Reloader/Library/PackageCache/com.unity.postprocessing@4a41da475b74)
    com.unity.timeline@1.8.10 (location: /Users/ivanprotsiuk/Documents/unity/Reloader/Reloader/Library/PackageCache/com.unity.timeline@7f8b2fb101b6)
    com.unity.visualscripting@1.9.9 (location: /Users/ivanprotsiuk/Documents/unity/Reloader/Reloader/Library/PackageCache/com.unity.visualscripting@191c0d7e3b69)
    com.unity.splines@2.8.2 (location: /Users/ivanprotsiuk/Documents/unity/Reloader/Reloader/Library/PackageCache/com.unity.splines@1cb7d86fc7ff)
    com.unity.searcher@4.9.4 (location: /Users/ivanprotsiuk/Documents/unity/Reloader/Reloader/Library/PackageCache/com.unity.searcher@d45a78918735)
    com.unity.burst@1.8.27 (location: /Users/ivanprotsiuk/Documents/unity/Reloader/Reloader/Library/PackageCache/com.unity.burst@973857688024)
    com.unity.mathematics@1.3.3 (location: /Users/ivanprotsiuk/Documents/unity/Reloader/Reloader/Library/PackageCache/com.unity.mathematics@19a9377c4ffa)
    com.unity.collections@2.6.2 (location: /Users/ivanprotsiuk/Documents/unity/Reloader/Reloader/Library/PackageCache/com.unity.collections@aea9d3bd5e19)
    com.unity.settings-manager@2.1.1 (location: /Users/ivanprotsiuk/Documents/unity/Reloader/Reloader/Library/PackageCache/com.unity.settings-manager@0b8638c5ce86)
    com.unity.nuget.mono-cecil@1.11.6 (location: /Users/ivanprotsiuk/Documents/unity/Reloader/Reloader/Library/PackageCache/com.unity.nuget.mono-cecil@ecb9724e46ff)
    com.unity.test-framework.performance@3.2.0 (location: /Users/ivanprotsiuk/Documents/unity/Reloader/Reloader/Library/PackageCache/com.unity.test-framework.performance@0840f58e4562)
  Built-in packages:
    com.unity.multiplayer.center@1.0.1 (location: /Users/ivanprotsiuk/Documents/unity/Reloader/Reloader/Library/PackageCache/com.unity.multiplayer.center@f01f4ba8d00a)
    com.unity.render-pipelines.universal@17.3.0 (location: /Users/ivanprotsiuk/Documents/unity/Reloader/Reloader/Library/PackageCache/com.unity.render-pipelines.universal@a6e30d1f59f5)
    com.unity.test-framework@1.6.0 (location: /Users/ivanprotsiuk/Documents/unity/Reloader/Reloader/Library/PackageCache/com.unity.test-framework@0b7a23ab2e1d)
    com.unity.ugui@2.0.0 (location: /Users/ivanprotsiuk/Documents/unity/Reloader/Reloader/Library/PackageCache/com.unity.ugui@bb329a87fcdc)
    com.unity.modules.accessibility@1.0.0 (location: /Users/ivanprotsiuk/Documents/unity/Reloader/Reloader/Library/PackageCache/com.unity.modules.accessibility)
    com.unity.modules.adaptiveperformance@1.0.0 (location: /Users/ivanprotsiuk/Documents/unity/Reloader/Reloader/Library/PackageCache/com.unity.modules.adaptiveperformance)
    com.unity.modules.ai@1.0.0 (location: /Users/ivanprotsiuk/Documents/unity/Reloader/Reloader/Library/PackageCache/com.unity.modules.ai)
    com.unity.modules.androidjni@1.0.0 (location: /Users/ivanprotsiuk/Documents/unity/Reloader/Reloader/Library/PackageCache/com.unity.modules.androidjni)
    com.unity.modules.animation@1.0.0 (location: /Users/ivanprotsiuk/Documents/unity/Reloader/Reloader/Library/PackageCache/com.unity.modules.animation)
    com.unity.modules.assetbundle@1.0.0 (location: /Users/ivanprotsiuk/Documents/unity/Reloader/Reloader/Library/PackageCache/com.unity.modules.assetbundle)
    com.unity.modules.audio@1.0.0 (location: /Users/ivanprotsiuk/Documents/unity/Reloader/Reloader/Library/PackageCache/com.unity.modules.audio)
    com.unity.modules.cloth@1.0.0 (location: /Users/ivanprotsiuk/Documents/unity/Reloader/Reloader/Library/PackageCache/com.unity.modules.cloth)
    com.unity.modules.director@1.0.0 (location: /Users/ivanprotsiuk/Documents/unity/Reloader/Reloader/Library/PackageCache/com.unity.modules.director)
    com.unity.modules.imageconversion@1.0.0 (location: /Users/ivanprotsiuk/Documents/unity/Reloader/Reloader/Library/PackageCache/com.unity.modules.imageconversion)
    com.unity.modules.imgui@1.0.0 (location: /Users/ivanprotsiuk/Documents/unity/Reloader/Reloader/Library/PackageCache/com.unity.modules.imgui)
    com.unity.modules.jsonserialize@1.0.0 (location: /Users/ivanprotsiuk/Documents/unity/Reloader/Reloader/Library/PackageCache/com.unity.modules.jsonserialize)
    com.unity.modules.particlesystem@1.0.0 (location: /Users/ivanprotsiuk/Documents/unity/Reloader/Reloader/Library/PackageCache/com.unity.modules.particlesystem)
    com.unity.modules.physics@1.0.0 (location: /Users/ivanprotsiuk/Documents/unity/Reloader/Reloader/Library/PackageCache/com.unity.modules.physics)
    com.unity.modules.physics2d@1.0.0 (location: /Users/ivanprotsiuk/Documents/unity/Reloader/Reloader/Library/PackageCache/com.unity.modules.physics2d)
    com.unity.modules.screencapture@1.0.0 (location: /Users/ivanprotsiuk/Documents/unity/Reloader/Reloader/Library/PackageCache/com.unity.modules.screencapture)
    com.unity.modules.terrain@1.0.0 (location: /Users/ivanprotsiuk/Documents/unity/Reloader/Reloader/Library/PackageCache/com.unity.modules.terrain)
    com.unity.modules.terrainphysics@1.0.0 (location: /Users/ivanprotsiuk/Documents/unity/Reloader/Reloader/Library/PackageCache/com.unity.modules.terrainphysics)
    com.unity.modules.tilemap@1.0.0 (location: /Users/ivanprotsiuk/Documents/unity/Reloader/Reloader/Library/PackageCache/com.unity.modules.tilemap)
    com.unity.modules.ui@1.0.0 (location: /Users/ivanprotsiuk/Documents/unity/Reloader/Reloader/Library/PackageCache/com.unity.modules.ui)
    com.unity.modules.uielements@1.0.0 (location: /Users/ivanprotsiuk/Documents/unity/Reloader/Reloader/Library/PackageCache/com.unity.modules.uielements)
    com.unity.modules.umbra@1.0.0 (location: /Users/ivanprotsiuk/Documents/unity/Reloader/Reloader/Library/PackageCache/com.unity.modules.umbra)
    com.unity.modules.unityanalytics@1.0.0 (location: /Users/ivanprotsiuk/Documents/unity/Reloader/Reloader/Library/PackageCache/com.unity.modules.unityanalytics)
    com.unity.modules.unitywebrequest@1.0.0 (location: /Users/ivanprotsiuk/Documents/unity/Reloader/Reloader/Library/PackageCache/com.unity.modules.unitywebrequest)
    com.unity.modules.unitywebrequestassetbundle@1.0.0 (location: /Users/ivanprotsiuk/Documents/unity/Reloader/Reloader/Library/PackageCache/com.unity.modules.unitywebrequestassetbundle)
    com.unity.modules.unitywebrequestaudio@1.0.0 (location: /Users/ivanprotsiuk/Documents/unity/Reloader/Reloader/Library/PackageCache/com.unity.modules.unitywebrequestaudio)
    com.unity.modules.unitywebrequesttexture@1.0.0 (location: /Users/ivanprotsiuk/Documents/unity/Reloader/Reloader/Library/PackageCache/com.unity.modules.unitywebrequesttexture)
    com.unity.modules.unitywebrequestwww@1.0.0 (location: /Users/ivanprotsiuk/Documents/unity/Reloader/Reloader/Library/PackageCache/com.unity.modules.unitywebrequestwww)
    com.unity.modules.vectorgraphics@1.0.0 (location: /Users/ivanprotsiuk/Documents/unity/Reloader/Reloader/Library/PackageCache/com.unity.modules.vectorgraphics)
    com.unity.modules.vehicles@1.0.0 (location: /Users/ivanprotsiuk/Documents/unity/Reloader/Reloader/Library/PackageCache/com.unity.modules.vehicles)
    com.unity.modules.video@1.0.0 (location: /Users/ivanprotsiuk/Documents/unity/Reloader/Reloader/Library/PackageCache/com.unity.modules.video)
    com.unity.modules.vr@1.0.0 (location: /Users/ivanprotsiuk/Documents/unity/Reloader/Reloader/Library/PackageCache/com.unity.modules.vr)
    com.unity.modules.wind@1.0.0 (location: /Users/ivanprotsiuk/Documents/unity/Reloader/Reloader/Library/PackageCache/com.unity.modules.wind)
    com.unity.modules.xr@1.0.0 (location: /Users/ivanprotsiuk/Documents/unity/Reloader/Reloader/Library/PackageCache/com.unity.modules.xr)
    com.unity.modules.subsystems@1.0.0 (location: /Users/ivanprotsiuk/Documents/unity/Reloader/Reloader/Library/PackageCache/com.unity.modules.subsystems)
    com.unity.modules.hierarchycore@1.0.0 (location: /Users/ivanprotsiuk/Documents/unity/Reloader/Reloader/Library/PackageCache/com.unity.modules.hierarchycore)
    com.unity.ext.nunit@2.0.5 (location: /Users/ivanprotsiuk/Documents/unity/Reloader/Reloader/Library/PackageCache/com.unity.ext.nunit@d8c07649098d)
    com.unity.render-pipelines.core@17.3.0 (location: /Users/ivanprotsiuk/Documents/unity/Reloader/Reloader/Library/PackageCache/com.unity.render-pipelines.core@d6dfd1e235d5)
    com.unity.shadergraph@17.3.0 (location: /Users/ivanprotsiuk/Documents/unity/Reloader/Reloader/Library/PackageCache/com.unity.shadergraph@d44b48771ebb)
    com.unity.render-pipelines.universal-config@17.0.3 (location: /Users/ivanprotsiuk/Documents/unity/Reloader/Reloader/Library/PackageCache/com.unity.render-pipelines.universal-config@8dc1aab4af1d)
[Subsystems] No new subsystems found in resolved package list.
[Package Manager] Done registering packages in 0.01 seconds
Assembly reference Packages/com.unity.cinemachine/Editor/Samples/ExposeHDRPInternals/HDRP-Editor-ref.asmref has no target assembly definition
Assembly reference Packages/com.unity.cinemachine/Editor/Samples/ExposeHDRPInternals/HDRP-Editor-ref.asmref has no target assembly definition
[ScriptCompilation] Requested script compilation because: Assetdatabase observed changes in script compilation related files
[40m[32minfo[39m[22m[49m: Microsoft.Hosting.Lifetime[14]
      Now listening on: http://unix:/tmp/ilpp.sock-de86b6ad6e0d55916049f09ff92f1b6a
[40m[32minfo[39m[22m[49m: Microsoft.Hosting.Lifetime[0]
      Application started. Press Ctrl+C to shut down.
[40m[32minfo[39m[22m[49m: Microsoft.Hosting.Lifetime[0]
      Hosting environment: Production
[40m[32minfo[39m[22m[49m: Microsoft.Hosting.Lifetime[0]
      Content root path: /Users/ivanprotsiuk/Documents/unity/Reloader/Reloader/
[40m[32minfo[39m[22m[49m: Microsoft.AspNetCore.Hosting.Diagnostics[1]
      Request starting HTTP/2 POST http://ilpp/UnityILPP.PostProcessing/Ping application/grpc -
[40m[32minfo[39m[22m[49m: Microsoft.AspNetCore.Routing.EndpointMiddleware[0]
      Executing endpoint 'gRPC - /UnityILPP.PostProcessing/Ping'
[40m[32minfo[39m[22m[49m: Microsoft.AspNetCore.Routing.EndpointMiddleware[1]
      Executed endpoint 'gRPC - /UnityILPP.PostProcessing/Ping'
[40m[32minfo[39m[22m[49m: Microsoft.AspNetCore.Hosting.Diagnostics[2]
      Request finished HTTP/2 POST http://ilpp/UnityILPP.PostProcessing/Ping application/grpc - - 200 - application/grpc 22.7391ms
Starting: /Applications/Unity/Hub/Editor/6000.3.8f1/Unity.app/Contents/Resources/BuildPipeline/bee_backend --ipc --defer-dag-verification --dagfile="Library/Bee/200b0aE.dag" --continue-on-failure --profile="Library/Bee/backend1.traceevents" ScriptAssemblies
WorkingDir: /Users/ivanprotsiuk/Documents/unity/Reloader/Reloader
DisplayProgressbar: Compiling Scripts
ExitCode: 4 Duration: 0s99ms
Rebuilding DAG because FileSignature timestamp changed: Library/Bee/200b0aE-inputdata.json
*** Tundra requires additional run (0.09 seconds), 0 items updated, 608 evaluated
Starting: /Applications/Unity/Hub/Editor/6000.3.8f1/Unity.app/Contents/Resources/Scripting/netcorerun/netcorerun "/Applications/Unity/Hub/Editor/6000.3.8f1/Unity.app/Contents/Resources/BuildPipeline/ScriptCompilationBuildProgram.exe" "Library/Bee/200b0aE.dag.json" "Library/Bee/200b0aE-inputdata.json" "Library/Bee/buildprogram0.traceevents"
WorkingDir: /Users/ivanprotsiuk/Documents/unity/Reloader/Reloader
ExitCode: 0 Duration: 0s661ms
Starting: /Applications/Unity/Hub/Editor/6000.3.8f1/Unity.app/Contents/Resources/BuildPipeline/bee_backend --ipc --defer-dag-verification --dagfile="Library/Bee/200b0aE.dag" --continue-on-failure --dagfilejson="Library/Bee/200b0aE.dag.json" --profile="Library/Bee/backend2.traceevents" ScriptAssemblies
WorkingDir: /Users/ivanprotsiuk/Documents/unity/Reloader/Reloader
[40m[32minfo[39m[22m[49m: Microsoft.AspNetCore.Hosting.Diagnostics[1]
      Request starting HTTP/2 POST http://ilpp/UnityILPP.PostProcessing/ConfigurePostProcessors application/grpc -
[40m[32minfo[39m[22m[49m: Microsoft.AspNetCore.Routing.EndpointMiddleware[0]
      Executing endpoint 'gRPC - /UnityILPP.PostProcessing/ConfigurePostProcessors'
[40m[1m[33mwarn[39m[22m[49m: Unity.ILPP.Runner.PostProcessingAssemblyLoadContext[0]
      Assembly system.runtime.interopservices.windowsruntime has duplicate hint path. Ignoring "/Applications/Unity/Hub/Editor/6000.3.8f1/Unity.app/Contents/Resources/Scripting/UnityReferenceAssemblies/unity-4.8-api/Facades/System.Runtime.InteropServices.WindowsRuntime.dll" in favor of "/Applications/Unity/Hub/Editor/6000.3.8f1/Unity.app/Contents/Resources/Scripting/NetStandard/Extensions/2.0.0/System.Runtime.InteropServices.WindowsRuntime.dll"
[40m[1m[33mwarn[39m[22m[49m: Unity.ILPP.Runner.PostProcessingAssemblyLoadContext[0]
      Assembly system.componentmodel.composition has duplicate hint path. Ignoring "/Applications/Unity/Hub/Editor/6000.3.8f1/Unity.app/Contents/Resources/Scripting/UnityReferenceAssemblies/unity-4.8-api/System.ComponentModel.Composition.dll" in favor of "/Applications/Unity/Hub/Editor/6000.3.8f1/Unity.app/Contents/Resources/Scripting/NetStandard/compat/2.1.0/shims/netfx/System.ComponentModel.Composition.dll"
[40m[32minfo[39m[22m[49m: Unity.ILPP.Runner.PostProcessingAssemblyLoadContext[0]
      Resolved Unity.Burst.Cecil, Version=0.11.4.0, Culture=neutral, PublicKeyToken=50cebf1cceb9d05e with Library/PackageCache/com.unity.burst@973857688024/Unity.Burst.CodeGen/Unity.Burst.Cecil.dll
[40m[32minfo[39m[22m[49m: Unity.ILPP.Runner.PostProcessingAssemblyLoadContext[0]
      Resolved Mono.Cecil, Version=0.11.5.0, Culture=neutral, PublicKeyToken=50cebf1cceb9d05e with Library/PackageCache/com.unity.nuget.mono-cecil@ecb9724e46ff/Mono.Cecil.dll
[40m[32minfo[39m[22m[49m: Microsoft.AspNetCore.Routing.EndpointMiddleware[1]
      Executed endpoint 'gRPC - /UnityILPP.PostProcessing/ConfigurePostProcessors'
[40m[32minfo[39m[22m[49m: Microsoft.AspNetCore.Hosting.Diagnostics[2]
      Request finished HTTP/2 POST http://ilpp/UnityILPP.PostProcessing/ConfigurePostProcessors application/grpc - - 200 - application/grpc 12.5870ms
[40m[32minfo[39m[22m[49m: Microsoft.AspNetCore.Hosting.Diagnostics[1]
      Request starting HTTP/2 POST http://ilpp/UnityILPP.PostProcessing/PostProcessAssembly application/grpc -
[40m[32minfo[39m[22m[49m: Microsoft.AspNetCore.Routing.EndpointMiddleware[0]
      Executing endpoint 'gRPC - /UnityILPP.PostProcessing/PostProcessAssembly'
[40m[32minfo[39m[22m[49m: Unity.ILPP.Runner.PostProcessingPipeline[0]
      Processing assembly Library/Bee/artifacts/200b0aE.dag/Reloader.Inventory.dll, with 135 defines and 278 references
[40m[32minfo[39m[22m[49m: Unity.ILPP.Runner.PostProcessingPipeline[0]
      processors: Unity.Jobs.CodeGen.JobsILPostProcessor, zzzUnity.Burst.CodeGen.BurstILPostProcessor
[40m[32minfo[39m[22m[49m: Unity.ILPP.Runner.PostProcessingPipeline[0]
      running Unity.Jobs.CodeGen.JobsILPostProcessor
[40m[32minfo[39m[22m[49m: Unity.ILPP.Runner.PostProcessingPipeline[0]
      running zzzUnity.Burst.CodeGen.BurstILPostProcessor
[40m[32minfo[39m[22m[49m: Microsoft.AspNetCore.Routing.EndpointMiddleware[1]
      Executed endpoint 'gRPC - /UnityILPP.PostProcessing/PostProcessAssembly'
[40m[32minfo[39m[22m[49m: Microsoft.AspNetCore.Hosting.Diagnostics[2]
      Request finished HTTP/2 POST http://ilpp/UnityILPP.PostProcessing/PostProcessAssembly application/grpc - - 200 - application/grpc 11.7991ms
[40m[32minfo[39m[22m[49m: Microsoft.AspNetCore.Hosting.Diagnostics[1]
      Request starting HTTP/2 POST http://ilpp/UnityILPP.PostProcessing/PostProcessAssembly application/grpc -
[40m[32minfo[39m[22m[49m: Microsoft.AspNetCore.Routing.EndpointMiddleware[0]
      Executing endpoint 'gRPC - /UnityILPP.PostProcessing/PostProcessAssembly'
[40m[32minfo[39m[22m[49m: Unity.ILPP.Runner.PostProcessingPipeline[0]
      Processing assembly Library/Bee/artifacts/200b0aE.dag/Reloader.Weapons.dll, with 135 defines and 279 references
[40m[32minfo[39m[22m[49m: Unity.ILPP.Runner.PostProcessingPipeline[0]
      processors: Unity.Jobs.CodeGen.JobsILPostProcessor, zzzUnity.Burst.CodeGen.BurstILPostProcessor
[40m[32minfo[39m[22m[49m: Unity.ILPP.Runner.PostProcessingPipeline[0]
      running Unity.Jobs.CodeGen.JobsILPostProcessor
[40m[32minfo[39m[22m[49m: Unity.ILPP.Runner.PostProcessingPipeline[0]
      running zzzUnity.Burst.CodeGen.BurstILPostProcessor
[40m[32minfo[39m[22m[49m: Microsoft.AspNetCore.Routing.EndpointMiddleware[1]
      Executed endpoint 'gRPC - /UnityILPP.PostProcessing/PostProcessAssembly'
[40m[32minfo[39m[22m[49m: Microsoft.AspNetCore.Hosting.Diagnostics[2]
      Request finished HTTP/2 POST http://ilpp/UnityILPP.PostProcessing/PostProcessAssembly application/grpc - - 200 - application/grpc 5.2727ms
[40m[32minfo[39m[22m[49m: Microsoft.AspNetCore.Hosting.Diagnostics[1]
      Request starting HTTP/2 POST http://ilpp/UnityILPP.PostProcessing/PostProcessAssembly application/grpc -
[40m[32minfo[39m[22m[49m: Microsoft.AspNetCore.Routing.EndpointMiddleware[0]
      Executing endpoint 'gRPC - /UnityILPP.PostProcessing/PostProcessAssembly'
[40m[32minfo[39m[22m[49m: Unity.ILPP.Runner.PostProcessingPipeline[0]
      Processing assembly Library/Bee/artifacts/200b0aE.dag/Reloader.Weapons.Tests.PlayMode.dll, with 135 defines and 266 references
[40m[32minfo[39m[22m[49m: Unity.ILPP.Runner.PostProcessingPipeline[0]
      processors: Unity.Jobs.CodeGen.JobsILPostProcessor, zzzUnity.Burst.CodeGen.BurstILPostProcessor
[40m[32minfo[39m[22m[49m: Unity.ILPP.Runner.PostProcessingPipeline[0]
      running Unity.Jobs.CodeGen.JobsILPostProcessor
[40m[32minfo[39m[22m[49m: Unity.ILPP.Runner.PostProcessingPipeline[0]
      running zzzUnity.Burst.CodeGen.BurstILPostProcessor
[40m[32minfo[39m[22m[49m: Microsoft.AspNetCore.Routing.EndpointMiddleware[1]
      Executed endpoint 'gRPC - /UnityILPP.PostProcessing/PostProcessAssembly'
[40m[32minfo[39m[22m[49m: Microsoft.AspNetCore.Hosting.Diagnostics[2]
      Request finished HTTP/2 POST http://ilpp/UnityILPP.PostProcessing/PostProcessAssembly application/grpc - - 200 - application/grpc 2.6915ms
[40m[32minfo[39m[22m[49m: Microsoft.AspNetCore.Hosting.Diagnostics[1]
      Request starting HTTP/2 POST http://ilpp/UnityILPP.PostProcessing/PostProcessAssembly application/grpc -
[40m[32minfo[39m[22m[49m: Microsoft.AspNetCore.Routing.EndpointMiddleware[0]
      Executing endpoint 'gRPC - /UnityILPP.PostProcessing/PostProcessAssembly'
[40m[32minfo[39m[22m[49m: Microsoft.AspNetCore.Hosting.Diagnostics[1]
      Request starting HTTP/2 POST http://ilpp/UnityILPP.PostProcessing/PostProcessAssembly application/grpc -
[40m[32minfo[39m[22m[49m: Microsoft.AspNetCore.Routing.EndpointMiddleware[0]
      Executing endpoint 'gRPC - /UnityILPP.PostProcessing/PostProcessAssembly'
[40m[32minfo[39m[22m[49m: Microsoft.AspNetCore.Hosting.Diagnostics[1]
      Request starting HTTP/2 POST http://ilpp/UnityILPP.PostProcessing/PostProcessAssembly application/grpc -
[40m[32minfo[39m[22m[49m: Microsoft.AspNetCore.Routing.EndpointMiddleware[0]
      Executing endpoint 'gRPC - /UnityILPP.PostProcessing/PostProcessAssembly'
[40m[32minfo[39m[22m[49m: Unity.ILPP.Runner.PostProcessingPipeline[0]
      Processing assembly Library/Bee/artifacts/200b0aE.dag/Reloader.NPCs.Tests.PlayMode.dll, with 135 defines and 266 references
[40m[32minfo[39m[22m[49m: Unity.ILPP.Runner.PostProcessingPipeline[0]
      processors: Unity.Jobs.CodeGen.JobsILPostProcessor, zzzUnity.Burst.CodeGen.BurstILPostProcessor
[40m[32minfo[39m[22m[49m: Unity.ILPP.Runner.PostProcessingPipeline[0]
      running Unity.Jobs.CodeGen.JobsILPostProcessor
[40m[32minfo[39m[22m[49m: Unity.ILPP.Runner.PostProcessingPipeline[0]
      running zzzUnity.Burst.CodeGen.BurstILPostProcessor
[40m[32minfo[39m[22m[49m: Microsoft.AspNetCore.Routing.EndpointMiddleware[1]
      Executed endpoint 'gRPC - /UnityILPP.PostProcessing/PostProcessAssembly'
[40m[32minfo[39m[22m[49m: Microsoft.AspNetCore.Hosting.Diagnostics[2]
      Request finished HTTP/2 POST http://ilpp/UnityILPP.PostProcessing/PostProcessAssembly application/grpc - - 200 - application/grpc 2.6375ms
[40m[32minfo[39m[22m[49m: Unity.ILPP.Runner.PostProcessingPipeline[0]
      Processing assembly Library/Bee/artifacts/200b0aE.dag/Reloader.Player.Tests.PlayMode.dll, with 135 defines and 265 references
[40m[32minfo[39m[22m[49m: Unity.ILPP.Runner.PostProcessingPipeline[0]
      processors: Unity.Jobs.CodeGen.JobsILPostProcessor, zzzUnity.Burst.CodeGen.BurstILPostProcessor
[40m[32minfo[39m[22m[49m: Unity.ILPP.Runner.PostProcessingPipeline[0]
      running Unity.Jobs.CodeGen.JobsILPostProcessor
[40m[32minfo[39m[22m[49m: Unity.ILPP.Runner.PostProcessingPipeline[0]
      running zzzUnity.Burst.CodeGen.BurstILPostProcessor
[40m[32minfo[39m[22m[49m: Unity.ILPP.Runner.PostProcessingPipeline[0]
      Processing assembly Library/Bee/artifacts/200b0aE.dag/Reloader.Economy.dll, with 135 defines and 279 references
[40m[32minfo[39m[22m[49m: Unity.ILPP.Runner.PostProcessingPipeline[0]
      processors: Unity.Jobs.CodeGen.JobsILPostProcessor, zzzUnity.Burst.CodeGen.BurstILPostProcessor
[40m[32minfo[39m[22m[49m: Unity.ILPP.Runner.PostProcessingPipeline[0]
      running Unity.Jobs.CodeGen.JobsILPostProcessor
[40m[32minfo[39m[22m[49m: Microsoft.AspNetCore.Routing.EndpointMiddleware[1]
      Executed endpoint 'gRPC - /UnityILPP.PostProcessing/PostProcessAssembly'
[40m[32minfo[39m[22m[49m: Unity.ILPP.Runner.PostProcessingPipeline[0]
      running zzzUnity.Burst.CodeGen.BurstILPostProcessor
[40m[32minfo[39m[22m[49m: Microsoft.AspNetCore.Hosting.Diagnostics[2]
      Request finished HTTP/2 POST http://ilpp/UnityILPP.PostProcessing/PostProcessAssembly application/grpc - - 200 - application/grpc 2.6827ms
[40m[32minfo[39m[22m[49m: Microsoft.AspNetCore.Routing.EndpointMiddleware[1]
      Executed endpoint 'gRPC - /UnityILPP.PostProcessing/PostProcessAssembly'
[40m[32minfo[39m[22m[49m: Microsoft.AspNetCore.Hosting.Diagnostics[2]
      Request finished HTTP/2 POST http://ilpp/UnityILPP.PostProcessing/PostProcessAssembly application/grpc - - 200 - application/grpc 2.7905ms
[40m[32minfo[39m[22m[49m: Microsoft.AspNetCore.Hosting.Diagnostics[1]
      Request starting HTTP/2 POST http://ilpp/UnityILPP.PostProcessing/PostProcessAssembly application/grpc -
[40m[32minfo[39m[22m[49m: Microsoft.AspNetCore.Routing.EndpointMiddleware[0]
      Executing endpoint 'gRPC - /UnityILPP.PostProcessing/PostProcessAssembly'
[40m[32minfo[39m[22m[49m: Unity.ILPP.Runner.PostProcessingPipeline[0]
      Processing assembly Library/Bee/artifacts/200b0aE.dag/Reloader.UI.dll, with 135 defines and 281 references
[40m[32minfo[39m[22m[49m: Unity.ILPP.Runner.PostProcessingPipeline[0]
      processors: Unity.Jobs.CodeGen.JobsILPostProcessor, zzzUnity.Burst.CodeGen.BurstILPostProcessor
[40m[32minfo[39m[22m[49m: Unity.ILPP.Runner.PostProcessingPipeline[0]
      running Unity.Jobs.CodeGen.JobsILPostProcessor
[40m[32minfo[39m[22m[49m: Unity.ILPP.Runner.PostProcessingPipeline[0]
      running zzzUnity.Burst.CodeGen.BurstILPostProcessor
[40m[32minfo[39m[22m[49m: Microsoft.AspNetCore.Routing.EndpointMiddleware[1]
      Executed endpoint 'gRPC - /UnityILPP.PostProcessing/PostProcessAssembly'
[40m[32minfo[39m[22m[49m: Microsoft.AspNetCore.Hosting.Diagnostics[2]
      Request finished HTTP/2 POST http://ilpp/UnityILPP.PostProcessing/PostProcessAssembly application/grpc - - 200 - application/grpc 2.4425ms
[40m[32minfo[39m[22m[49m: Microsoft.AspNetCore.Hosting.Diagnostics[1]
      Request starting HTTP/2 POST http://ilpp/UnityILPP.PostProcessing/PostProcessAssembly application/grpc -
[40m[32minfo[39m[22m[49m: Microsoft.AspNetCore.Routing.EndpointMiddleware[0]
      Executing endpoint 'gRPC - /UnityILPP.PostProcessing/PostProcessAssembly'
[40m[32minfo[39m[22m[49m: Unity.ILPP.Runner.PostProcessingPipeline[0]
      Processing assembly Library/Bee/artifacts/200b0aE.dag/Reloader.Core.Tests.EditMode.dll, with 133 defines and 275 references
[40m[32minfo[39m[22m[49m: Unity.ILPP.Runner.PostProcessingPipeline[0]
      processors: Unity.Jobs.CodeGen.JobsILPostProcessor, zzzUnity.Burst.CodeGen.BurstILPostProcessor
[40m[32minfo[39m[22m[49m: Unity.ILPP.Runner.PostProcessingPipeline[0]
      running Unity.Jobs.CodeGen.JobsILPostProcessor
[40m[32minfo[39m[22m[49m: Unity.ILPP.Runner.PostProcessingPipeline[0]
      running zzzUnity.Burst.CodeGen.BurstILPostProcessor
[40m[32minfo[39m[22m[49m: Microsoft.AspNetCore.Routing.EndpointMiddleware[1]
      Executed endpoint 'gRPC - /UnityILPP.PostProcessing/PostProcessAssembly'
[40m[32minfo[39m[22m[49m: Microsoft.AspNetCore.Hosting.Diagnostics[2]
      Request finished HTTP/2 POST http://ilpp/UnityILPP.PostProcessing/PostProcessAssembly application/grpc - - 200 - application/grpc 2.0545ms
[40m[32minfo[39m[22m[49m: Microsoft.AspNetCore.Hosting.Diagnostics[1]
      Request starting HTTP/2 POST http://ilpp/UnityILPP.PostProcessing/PostProcessAssembly application/grpc -
[40m[32minfo[39m[22m[49m: Microsoft.AspNetCore.Routing.EndpointMiddleware[0]
      Executing endpoint 'gRPC - /UnityILPP.PostProcessing/PostProcessAssembly'
[40m[32minfo[39m[22m[49m: Unity.ILPP.Runner.PostProcessingPipeline[0]
      Processing assembly Library/Bee/artifacts/200b0aE.dag/Reloader.Economy.Tests.EditMode.dll, with 133 defines and 273 references
[40m[32minfo[39m[22m[49m: Unity.ILPP.Runner.PostProcessingPipeline[0]
      processors: Unity.Jobs.CodeGen.JobsILPostProcessor, zzzUnity.Burst.CodeGen.BurstILPostProcessor
[40m[32minfo[39m[22m[49m: Unity.ILPP.Runner.PostProcessingPipeline[0]
      running Unity.Jobs.CodeGen.JobsILPostProcessor
[40m[32minfo[39m[22m[49m: Unity.ILPP.Runner.PostProcessingPipeline[0]
      running zzzUnity.Burst.CodeGen.BurstILPostProcessor
[40m[32minfo[39m[22m[49m: Microsoft.AspNetCore.Routing.EndpointMiddleware[1]
      Executed endpoint 'gRPC - /UnityILPP.PostProcessing/PostProcessAssembly'
[40m[32minfo[39m[22m[49m: Microsoft.AspNetCore.Hosting.Diagnostics[2]
      Request finished HTTP/2 POST http://ilpp/UnityILPP.PostProcessing/PostProcessAssembly application/grpc - - 200 - application/grpc 2.0143ms
[40m[32minfo[39m[22m[49m: Microsoft.AspNetCore.Hosting.Diagnostics[1]
      Request starting HTTP/2 POST http://ilpp/UnityILPP.PostProcessing/PostProcessAssembly application/grpc -
[40m[32minfo[39m[22m[49m: Microsoft.AspNetCore.Routing.EndpointMiddleware[0]
      Executing endpoint 'gRPC - /UnityILPP.PostProcessing/PostProcessAssembly'
[40m[32minfo[39m[22m[49m: Unity.ILPP.Runner.PostProcessingPipeline[0]
      Processing assembly Library/Bee/artifacts/200b0aE.dag/Reloader.UI.Tests.PlayMode.dll, with 135 defines and 268 references
[40m[32minfo[39m[22m[49m: Unity.ILPP.Runner.PostProcessingPipeline[0]
      processors: Unity.Jobs.CodeGen.JobsILPostProcessor, zzzUnity.Burst.CodeGen.BurstILPostProcessor
[40m[32minfo[39m[22m[49m: Unity.ILPP.Runner.PostProcessingPipeline[0]
      running Unity.Jobs.CodeGen.JobsILPostProcessor
[40m[32minfo[39m[22m[49m: Unity.ILPP.Runner.PostProcessingPipeline[0]
      running zzzUnity.Burst.CodeGen.BurstILPostProcessor
[40m[32minfo[39m[22m[49m: Microsoft.AspNetCore.Routing.EndpointMiddleware[1]
      Executed endpoint 'gRPC - /UnityILPP.PostProcessing/PostProcessAssembly'
[40m[32minfo[39m[22m[49m: Microsoft.AspNetCore.Hosting.Diagnostics[2]
      Request finished HTTP/2 POST http://ilpp/UnityILPP.PostProcessing/PostProcessAssembly application/grpc - - 200 - application/grpc 2.2729ms
[40m[32minfo[39m[22m[49m: Microsoft.AspNetCore.Hosting.Diagnostics[1]
      Request starting HTTP/2 POST http://ilpp/UnityILPP.PostProcessing/PostProcessAssembly application/grpc -
[40m[32minfo[39m[22m[49m: Microsoft.AspNetCore.Routing.EndpointMiddleware[0]
      Executing endpoint 'gRPC - /UnityILPP.PostProcessing/PostProcessAssembly'
[40m[32minfo[39m[22m[49m: Unity.ILPP.Runner.PostProcessingPipeline[0]
      Processing assembly Library/Bee/artifacts/200b0aE.dag/Reloader.Economy.Tests.PlayMode.dll, with 135 defines and 264 references
[40m[32minfo[39m[22m[49m: Unity.ILPP.Runner.PostProcessingPipeline[0]
      processors: Unity.Jobs.CodeGen.JobsILPostProcessor, zzzUnity.Burst.CodeGen.BurstILPostProcessor
[40m[32minfo[39m[22m[49m: Unity.ILPP.Runner.PostProcessingPipeline[0]
      running Unity.Jobs.CodeGen.JobsILPostProcessor
[40m[32minfo[39m[22m[49m: Unity.ILPP.Runner.PostProcessingPipeline[0]
      running zzzUnity.Burst.CodeGen.BurstILPostProcessor
[40m[32minfo[39m[22m[49m: Microsoft.AspNetCore.Routing.EndpointMiddleware[1]
      Executed endpoint 'gRPC - /UnityILPP.PostProcessing/PostProcessAssembly'
[40m[32minfo[39m[22m[49m: Microsoft.AspNetCore.Hosting.Diagnostics[2]
      Request finished HTTP/2 POST http://ilpp/UnityILPP.PostProcessing/PostProcessAssembly application/grpc - - 200 - application/grpc 1.9905ms
[40m[32minfo[39m[22m[49m: Microsoft.AspNetCore.Hosting.Diagnostics[1]
      Request starting HTTP/2 POST http://ilpp/UnityILPP.PostProcessing/PostProcessAssembly application/grpc -
[40m[32minfo[39m[22m[49m: Microsoft.AspNetCore.Routing.EndpointMiddleware[0]
      Executing endpoint 'gRPC - /UnityILPP.PostProcessing/PostProcessAssembly'
[40m[32minfo[39m[22m[49m: Unity.ILPP.Runner.PostProcessingPipeline[0]
      Processing assembly Library/Bee/artifacts/200b0aE.dag/Reloader.UI.Editor.dll, with 133 defines and 291 references
[40m[32minfo[39m[22m[49m: Unity.ILPP.Runner.PostProcessingPipeline[0]
      processors: Unity.Jobs.CodeGen.JobsILPostProcessor, zzzUnity.Burst.CodeGen.BurstILPostProcessor
[40m[32minfo[39m[22m[49m: Unity.ILPP.Runner.PostProcessingPipeline[0]
      running Unity.Jobs.CodeGen.JobsILPostProcessor
[40m[32minfo[39m[22m[49m: Unity.ILPP.Runner.PostProcessingPipeline[0]
      running zzzUnity.Burst.CodeGen.BurstILPostProcessor
[40m[32minfo[39m[22m[49m: Microsoft.AspNetCore.Routing.EndpointMiddleware[1]
      Executed endpoint 'gRPC - /UnityILPP.PostProcessing/PostProcessAssembly'
[40m[32minfo[39m[22m[49m: Microsoft.AspNetCore.Hosting.Diagnostics[2]
      Request finished HTTP/2 POST http://ilpp/UnityILPP.PostProcessing/PostProcessAssembly application/grpc - - 200 - application/grpc 1.9146ms
[40m[32minfo[39m[22m[49m: Microsoft.AspNetCore.Hosting.Diagnostics[1]
      Request starting HTTP/2 POST http://ilpp/UnityILPP.PostProcessing/PostProcessAssembly application/grpc -
[40m[32minfo[39m[22m[49m: Microsoft.AspNetCore.Routing.EndpointMiddleware[0]
      Executing endpoint 'gRPC - /UnityILPP.PostProcessing/PostProcessAssembly'
[40m[32minfo[39m[22m[49m: Unity.ILPP.Runner.PostProcessingPipeline[0]
      Processing assembly Library/Bee/artifacts/200b0aE.dag/Assembly-CSharp.dll, with 135 defines and 332 references
[40m[32minfo[39m[22m[49m: Unity.ILPP.Runner.PostProcessingPipeline[0]
      processors: Unity.Jobs.CodeGen.JobsILPostProcessor, zzzUnity.Burst.CodeGen.BurstILPostProcessor
[40m[32minfo[39m[22m[49m: Unity.ILPP.Runner.PostProcessingPipeline[0]
      running Unity.Jobs.CodeGen.JobsILPostProcessor
[40m[32minfo[39m[22m[49m: Unity.ILPP.Runner.PostProcessingAssemblyLoadContext[0]
      Resolved Unity.Collections, Version=0.0.0.0, Culture=neutral, PublicKeyToken=null with Library/Bee/artifacts/200b0aE.dag/Unity.Collections.dll
[40m[32minfo[39m[22m[49m: Unity.ILPP.Runner.PostProcessingAssemblyLoadContext[0]
      Resolved UnityEditor.CoreModule, Version=0.0.0.0, Culture=neutral, PublicKeyToken=null with /Applications/Unity/Hub/Editor/6000.3.8f1/Unity.app/Contents/Resources/Scripting/Managed/UnityEngine/UnityEditor.CoreModule.dll
[40m[32minfo[39m[22m[49m: Unity.ILPP.Runner.PostProcessingAssemblyLoadContext[0]
      Resolved UnityEngine.CoreModule, Version=0.0.0.0, Culture=neutral, PublicKeyToken=null with /Applications/Unity/Hub/Editor/6000.3.8f1/Unity.app/Contents/Resources/Scripting/Managed/UnityEngine/UnityEngine.CoreModule.dll
[40m[32minfo[39m[22m[49m: Unity.ILPP.Runner.PostProcessingPipeline[0]
      running zzzUnity.Burst.CodeGen.BurstILPostProcessor
[40m[32minfo[39m[22m[49m: Microsoft.AspNetCore.Hosting.Diagnostics[1]
      Request starting HTTP/2 POST http://ilpp/UnityILPP.PostProcessing/PostProcessAssembly application/grpc -
[40m[32minfo[39m[22m[49m: Microsoft.AspNetCore.Routing.EndpointMiddleware[0]
      Executing endpoint 'gRPC - /UnityILPP.PostProcessing/PostProcessAssembly'
[40m[32minfo[39m[22m[49m: Unity.ILPP.Runner.PostProcessingPipeline[0]
      Processing assembly Library/Bee/artifacts/200b0aE.dag/Assembly-CSharp-Editor.dll, with 133 defines and 352 references
[40m[32minfo[39m[22m[49m: Unity.ILPP.Runner.PostProcessingPipeline[0]
      processors: Unity.Jobs.CodeGen.JobsILPostProcessor, zzzUnity.Burst.CodeGen.BurstILPostProcessor
[40m[32minfo[39m[22m[49m: Unity.ILPP.Runner.PostProcessingPipeline[0]
      running Unity.Jobs.CodeGen.JobsILPostProcessor
[40m[32minfo[39m[22m[49m: Unity.ILPP.Runner.PostProcessingPipeline[0]
      running zzzUnity.Burst.CodeGen.BurstILPostProcessor
[40m[32minfo[39m[22m[49m: Unity.ILPP.Runner.PostProcessingAssemblyLoadContext[0]
      Resolved Unity.Burst.Cecil.Rocks, Version=0.11.4.0, Culture=neutral, PublicKeyToken=50cebf1cceb9d05e with Library/PackageCache/com.unity.burst@973857688024/Unity.Burst.CodeGen/Unity.Burst.Cecil.Rocks.dll
[40m[32minfo[39m[22m[49m: Microsoft.AspNetCore.Routing.EndpointMiddleware[1]
      Executed endpoint 'gRPC - /UnityILPP.PostProcessing/PostProcessAssembly'
[40m[32minfo[39m[22m[49m: Microsoft.AspNetCore.Routing.EndpointMiddleware[1]
      Executed endpoint 'gRPC - /UnityILPP.PostProcessing/PostProcessAssembly'
[40m[32minfo[39m[22m[49m: Microsoft.AspNetCore.Hosting.Diagnostics[2]
      Request finished HTTP/2 POST http://ilpp/UnityILPP.PostProcessing/PostProcessAssembly application/grpc - - 200 - application/grpc 173.9050ms
[40m[32minfo[39m[22m[49m: Microsoft.AspNetCore.Hosting.Diagnostics[2]
      Request finished HTTP/2 POST http://ilpp/UnityILPP.PostProcessing/PostProcessAssembly application/grpc - - 200 - application/grpc 66.5687ms
ExitCode: 0 Duration: 2s405ms
Finished compiling graph: 1016 nodes, 21776 flattened edges (17630 ToBuild, 178 ToUse), maximum node priority 1337
[ 374/1013  0s] WriteText Library/Bee/artifacts/200b0aE.dag/Reloader.Inventory.rsp
[ 749/1013  0s] ILPP-Configuration Library/ilpp-configuration.nevergeneratedoutput
[ 957/1013  1s] Csc Library/Bee/artifacts/200b0aE.dag/Reloader.Inventory.dll (+2 others)
[ 958/1013  0s] ILPostProcess Library/Bee/artifacts/200b0aE.dag/post-processed/Reloader.Inventory.dll (+pdb)
Processing assembly Library/Bee/artifacts/200b0aE.dag/Reloader.Inventory.dll, with 135 defines and 278 references
processors: Unity.Jobs.CodeGen.JobsILPostProcessor, zzzUnity.Burst.CodeGen.BurstILPostProcessor
running Unity.Jobs.CodeGen.JobsILPostProcessor
running zzzUnity.Burst.CodeGen.BurstILPostProcessor
[ 959/1013  0s] CopyFiles Library/ScriptAssemblies/Reloader.Inventory.dll
[ 960/1013  0s] CopyFiles Library/ScriptAssemblies/Reloader.Inventory.pdb
[ 961/1013  0s] Csc Library/Bee/artifacts/200b0aE.dag/Reloader.Weapons.dll (+2 others)
[ 962/1013  0s] ILPostProcess Library/Bee/artifacts/200b0aE.dag/post-processed/Reloader.Weapons.dll (+pdb)
Processing assembly Library/Bee/artifacts/200b0aE.dag/Reloader.Weapons.dll, with 135 defines and 279 references
processors: Unity.Jobs.CodeGen.JobsILPostProcessor, zzzUnity.Burst.CodeGen.BurstILPostProcessor
running Unity.Jobs.CodeGen.JobsILPostProcessor
running zzzUnity.Burst.CodeGen.BurstILPostProcessor
[ 963/1013  0s] CopyFiles Library/ScriptAssemblies/Reloader.Weapons.dll
[ 964/1013  0s] CopyFiles Library/ScriptAssemblies/Reloader.Weapons.pdb
[ 965/1013  0s] Csc Library/Bee/artifacts/200b0aE.dag/Reloader.Weapons.Tests.PlayMode.dll (+2 others)
[ 966/1013  0s] ILPostProcess Library/Bee/artifacts/200b0aE.dag/post-processed/Reloader.Weapons.Tests.PlayMode.dll (+pdb)
Processing assembly Library/Bee/artifacts/200b0aE.dag/Reloader.Weapons.Tests.PlayMode.dll, with 135 defines and 266 references
processors: Unity.Jobs.CodeGen.JobsILPostProcessor, zzzUnity.Burst.CodeGen.BurstILPostProcessor
running Unity.Jobs.CodeGen.JobsILPostProcessor
running zzzUnity.Burst.CodeGen.BurstILPostProcessor
[ 967/1013  0s] CopyFiles Library/ScriptAssemblies/Reloader.Weapons.Tests.PlayMode.pdb
[ 968/1013  0s] CopyFiles Library/ScriptAssemblies/Reloader.Weapons.Tests.PlayMode.dll
[ 969/1013  0s] Csc Library/Bee/artifacts/200b0aE.dag/Reloader.Economy.dll (+2 others)
[ 970/1013  0s] Csc Library/Bee/artifacts/200b0aE.dag/Reloader.Player.Tests.PlayMode.dll (+2 others)
[ 971/1013  0s] Csc Library/Bee/artifacts/200b0aE.dag/Reloader.NPCs.Tests.PlayMode.dll (+2 others)
[ 972/1013  0s] Csc Library/Bee/artifacts/200b0aE.dag/Reloader.UI.dll (+2 others)
[ 973/1013  0s] Csc Library/Bee/artifacts/200b0aE.dag/Reloader.Core.Tests.EditMode.dll (+2 others)
[ 974/1013  0s] Csc Library/Bee/artifacts/200b0aE.dag/Reloader.Economy.Tests.EditMode.dll (+2 others)
[ 975/1013  0s] ILPostProcess Library/Bee/artifacts/200b0aE.dag/post-processed/Reloader.Player.Tests.PlayMode.dll (+pdb)
Processing assembly Library/Bee/artifacts/200b0aE.dag/Reloader.Player.Tests.PlayMode.dll, with 135 defines and 265 references
processors: Unity.Jobs.CodeGen.JobsILPostProcessor, zzzUnity.Burst.CodeGen.BurstILPostProcessor
running Unity.Jobs.CodeGen.JobsILPostProcessor
running zzzUnity.Burst.CodeGen.BurstILPostProcessor
[ 976/1013  0s] ILPostProcess Library/Bee/artifacts/200b0aE.dag/post-processed/Reloader.NPCs.Tests.PlayMode.dll (+pdb)
Processing assembly Library/Bee/artifacts/200b0aE.dag/Reloader.NPCs.Tests.PlayMode.dll, with 135 defines and 266 references
processors: Unity.Jobs.CodeGen.JobsILPostProcessor, zzzUnity.Burst.CodeGen.BurstILPostProcessor
running Unity.Jobs.CodeGen.JobsILPostProcessor
running zzzUnity.Burst.CodeGen.BurstILPostProcessor
[ 977/1013  0s] ILPostProcess Library/Bee/artifacts/200b0aE.dag/post-processed/Reloader.Economy.dll (+pdb)
Processing assembly Library/Bee/artifacts/200b0aE.dag/Reloader.Economy.dll, with 135 defines and 279 references
processors: Unity.Jobs.CodeGen.JobsILPostProcessor, zzzUnity.Burst.CodeGen.BurstILPostProcessor
running Unity.Jobs.CodeGen.JobsILPostProcessor
running zzzUnity.Burst.CodeGen.BurstILPostProcessor
[ 978/1013  0s] ILPostProcess Library/Bee/artifacts/200b0aE.dag/post-processed/Reloader.UI.dll (+pdb)
Processing assembly Library/Bee/artifacts/200b0aE.dag/Reloader.UI.dll, with 135 defines and 281 references
processors: Unity.Jobs.CodeGen.JobsILPostProcessor, zzzUnity.Burst.CodeGen.BurstILPostProcessor
running Unity.Jobs.CodeGen.JobsILPostProcessor
running zzzUnity.Burst.CodeGen.BurstILPostProcessor
[ 979/1013  0s] Csc Library/Bee/artifacts/200b0aE.dag/Reloader.UI.Tests.PlayMode.dll (+2 others)
[ 980/1013  0s] CopyFiles Library/ScriptAssemblies/Reloader.Player.Tests.PlayMode.pdb
[ 981/1013  0s] CopyFiles Library/ScriptAssemblies/Reloader.Player.Tests.PlayMode.dll
[ 982/1013  0s] CopyFiles Library/ScriptAssemblies/Reloader.NPCs.Tests.PlayMode.pdb
[ 983/1013  0s] CopyFiles Library/ScriptAssemblies/Reloader.Economy.dll
[ 984/1013  0s] CopyFiles Library/ScriptAssemblies/Reloader.NPCs.Tests.PlayMode.dll
[ 985/1013  0s] CopyFiles Library/ScriptAssemblies/Reloader.Economy.pdb
[ 986/1013  0s] CopyFiles Library/ScriptAssemblies/Reloader.UI.pdb
[ 987/1013  0s] CopyFiles Library/ScriptAssemblies/Reloader.UI.dll
[ 988/1013  0s] ILPostProcess Library/Bee/artifacts/200b0aE.dag/post-processed/Reloader.Core.Tests.EditMode.dll (+pdb)
Processing assembly Library/Bee/artifacts/200b0aE.dag/Reloader.Core.Tests.EditMode.dll, with 133 defines and 275 references
processors: Unity.Jobs.CodeGen.JobsILPostProcessor, zzzUnity.Burst.CodeGen.BurstILPostProcessor
running Unity.Jobs.CodeGen.JobsILPostProcessor
running zzzUnity.Burst.CodeGen.BurstILPostProcessor
[ 989/1013  0s] CopyFiles Library/ScriptAssemblies/Reloader.Core.Tests.EditMode.pdb
[ 990/1013  0s] CopyFiles Library/ScriptAssemblies/Reloader.Core.Tests.EditMode.dll
[ 991/1013  0s] ILPostProcess Library/Bee/artifacts/200b0aE.dag/post-processed/Reloader.Economy.Tests.EditMode.dll (+pdb)
Processing assembly Library/Bee/artifacts/200b0aE.dag/Reloader.Economy.Tests.EditMode.dll, with 133 defines and 273 references
processors: Unity.Jobs.CodeGen.JobsILPostProcessor, zzzUnity.Burst.CodeGen.BurstILPostProcessor
running Unity.Jobs.CodeGen.JobsILPostProcessor
running zzzUnity.Burst.CodeGen.BurstILPostProcessor
[ 992/1013  0s] CopyFiles Library/ScriptAssemblies/Reloader.Economy.Tests.EditMode.dll
[ 993/1013  0s] CopyFiles Library/ScriptAssemblies/Reloader.Economy.Tests.EditMode.pdb
[ 994/1013  0s] Csc Library/Bee/artifacts/200b0aE.dag/Reloader.Economy.Tests.PlayMode.dll (+2 others)
[ 995/1013  0s] ILPostProcess Library/Bee/artifacts/200b0aE.dag/post-processed/Reloader.UI.Tests.PlayMode.dll (+pdb)
Processing assembly Library/Bee/artifacts/200b0aE.dag/Reloader.UI.Tests.PlayMode.dll, with 135 defines and 268 references
processors: Unity.Jobs.CodeGen.JobsILPostProcessor, zzzUnity.Burst.CodeGen.BurstILPostProcessor
running Unity.Jobs.CodeGen.JobsILPostProcessor
running zzzUnity.Burst.CodeGen.BurstILPostProcessor
[ 996/1013  0s] CopyFiles Library/ScriptAssemblies/Reloader.UI.Tests.PlayMode.pdb
[ 997/1013  0s] CopyFiles Library/ScriptAssemblies/Reloader.UI.Tests.PlayMode.dll
[ 998/1013  0s] Csc Library/Bee/artifacts/200b0aE.dag/Reloader.UI.Editor.dll (+2 others)
[ 999/1013  0s] ILPostProcess Library/Bee/artifacts/200b0aE.dag/post-processed/Reloader.Economy.Tests.PlayMode.dll (+pdb)
Processing assembly Library/Bee/artifacts/200b0aE.dag/Reloader.Economy.Tests.PlayMode.dll, with 135 defines and 264 references
processors: Unity.Jobs.CodeGen.JobsILPostProcessor, zzzUnity.Burst.CodeGen.BurstILPostProcessor
running Unity.Jobs.CodeGen.JobsILPostProcessor
running zzzUnity.Burst.CodeGen.BurstILPostProcessor
[1000/1013  0s] CopyFiles Library/ScriptAssemblies/Reloader.Economy.Tests.PlayMode.pdb
[1001/1013  0s] CopyFiles Library/ScriptAssemblies/Reloader.Economy.Tests.PlayMode.dll
[1002/1013  0s] ILPostProcess Library/Bee/artifacts/200b0aE.dag/post-processed/Reloader.UI.Editor.dll (+pdb)
Processing assembly Library/Bee/artifacts/200b0aE.dag/Reloader.UI.Editor.dll, with 133 defines and 291 references
processors: Unity.Jobs.CodeGen.JobsILPostProcessor, zzzUnity.Burst.CodeGen.BurstILPostProcessor
running Unity.Jobs.CodeGen.JobsILPostProcessor
running zzzUnity.Burst.CodeGen.BurstILPostProcessor
[1003/1013  0s] CopyFiles Library/ScriptAssemblies/Reloader.UI.Editor.pdb
[1004/1013  0s] CopyFiles Library/ScriptAssemblies/Reloader.UI.Editor.dll
[1005/1013  0s] Csc Library/Bee/artifacts/200b0aE.dag/Assembly-CSharp.dll (+2 others)
Assets/ThirdParty/SimplePoly - Town Pack/DemoScene/FlyCamera.cs(35,3): warning CS0618: 'Screen.lockCursor' is obsolete: 'Use Cursor.lockState and Cursor.visible instead.'
Assets/ThirdParty/SimplePoly - Town Pack/DemoScene/FlyCamera.cs(69,4): warning CS0618: 'Screen.lockCursor' is obsolete: 'Use Cursor.lockState and Cursor.visible instead.'
Assets/ThirdParty/SimplePoly - Town Pack/DemoScene/FlyCamera.cs(69,25): warning CS0618: 'Screen.lockCursor' is obsolete: 'Use Cursor.lockState and Cursor.visible instead.'
Assets/ThirdParty/SimplePoly - Town Pack/Standard Assets/Effects/ImageEffects/Scripts/PostEffectsBase.cs(97,18): warning CS0618: 'SystemInfo.supportsImageEffects' is obsolete: 'supportsImageEffects always returns true, no need to call it'
Assets/ThirdParty/SimplePoly - Town Pack/Standard Assets/Effects/ImageEffects/Scripts/PostEffectsBase.cs(97,54): warning CS0618: 'SystemInfo.supportsRenderTextures' is obsolete: 'supportsRenderTextures always returns true, no need to call it'
[1006/1013  0s] Csc Library/Bee/artifacts/200b0aE.dag/Assembly-CSharp-Editor.dll (+2 others)
[1007/1013  0s] ILPostProcess Library/Bee/artifacts/200b0aE.dag/post-processed/Assembly-CSharp-Editor.dll (+pdb)
Processing assembly Library/Bee/artifacts/200b0aE.dag/Assembly-CSharp-Editor.dll, with 133 defines and 352 references
processors: Unity.Jobs.CodeGen.JobsILPostProcessor, zzzUnity.Burst.CodeGen.BurstILPostProcessor
running Unity.Jobs.CodeGen.JobsILPostProcessor
running zzzUnity.Burst.CodeGen.BurstILPostProcessor
[1008/1013  0s] ILPostProcess Library/Bee/artifacts/200b0aE.dag/post-processed/Assembly-CSharp.dll (+pdb)
Processing assembly Library/Bee/artifacts/200b0aE.dag/Assembly-CSharp.dll, with 135 defines and 332 references
processors: Unity.Jobs.CodeGen.JobsILPostProcessor, zzzUnity.Burst.CodeGen.BurstILPostProcessor
running Unity.Jobs.CodeGen.JobsILPostProcessor
running zzzUnity.Burst.CodeGen.BurstILPostProcessor
[1009/1013  0s] CopyFiles Library/ScriptAssemblies/Assembly-CSharp.pdb
[1010/1013  0s] CopyFiles Library/ScriptAssemblies/Assembly-CSharp-Editor.dll
[1011/1013  0s] CopyFiles Library/ScriptAssemblies/Assembly-CSharp.dll
[1012/1013  0s] CopyFiles Library/ScriptAssemblies/Assembly-CSharp-Editor.pdb
*** Tundra build success (2.39 seconds), 58 items updated, 1013 evaluated
Assets/ThirdParty/SimplePoly - Town Pack/DemoScene/FlyCamera.cs(35,3): warning CS0618: 'Screen.lockCursor' is obsolete: 'Use Cursor.lockState and Cursor.visible instead.'
Assets/ThirdParty/SimplePoly - Town Pack/DemoScene/FlyCamera.cs(69,4): warning CS0618: 'Screen.lockCursor' is obsolete: 'Use Cursor.lockState and Cursor.visible instead.'
Assets/ThirdParty/SimplePoly - Town Pack/DemoScene/FlyCamera.cs(69,25): warning CS0618: 'Screen.lockCursor' is obsolete: 'Use Cursor.lockState and Cursor.visible instead.'
Assets/ThirdParty/SimplePoly - Town Pack/Standard Assets/Effects/ImageEffects/Scripts/PostEffectsBase.cs(97,18): warning CS0618: 'SystemInfo.supportsImageEffects' is obsolete: 'supportsImageEffects always returns true, no need to call it'
Assets/ThirdParty/SimplePoly - Town Pack/Standard Assets/Effects/ImageEffects/Scripts/PostEffectsBase.cs(97,54): warning CS0618: 'SystemInfo.supportsRenderTextures' is obsolete: 'supportsRenderTextures always returns true, no need to call it'
AssetDatabase: script compilation time: 3.508904s
Begin MonoManager ReloadAssembly
Symbol file LoadedFromMemory is not a mono symbol file
- Loaded All Assemblies, in  0.503 seconds
'Packages/com.unity.cinemachine/Editor/Editors/CinemachineVirtualCameraBaseEditor.cs' contains partial class of Unity.Object, exactly 1 of the partial classes needs to be in a file with the same filename. This is to know the one that can be referenced from ie. GameObjects
'Packages/com.unity.cinemachine/Editor/Obsolete/CinemachineVirtualCameraBaseEditor.cs' contains partial class of Unity.Object, exactly 1 of the partial classes needs to be in a file with the same filename. This is to know the one that can be referenced from ie. GameObjects
Start importing Assets/_Project/Inventory/Data/Spawns using Guid(c13e6b1d3529b46249d7a390a25d99c0) (DefaultImporter) -> (artifact id: '181d9836c4fcb1608afa5926373bc9db') in 0.015134416 seconds
Start importing Assets/_Project/Inventory/Scripts/World using Guid(320ce3b1891854b15bbbe68358c6d823) (DefaultImporter) -> (artifact id: 'f61db131665bb585cb73bcadd2ecdab7') in 0.00172275 seconds
Start importing Assets/_Project/Core/Scripts/Items using Guid(a8e1b664c321a4c6593260976e837e5a) (DefaultImporter) -> (artifact id: '804a97983a85312897d34f3bb859333e') in 0.000429208 seconds
Start importing Assets/_Project/Inventory/Data/Items using Guid(e82d4eb6eaf4a484880e8a3ee22d4a5c) (DefaultImporter) -> (artifact id: '95ac2d169b7c994f0cb49bf5dde84687') in 0.000372166 seconds
Start importing Assets/_Project/Inventory/Prefabs/Pickups using Guid(cde4579c46440466083d2d137d504794) (DefaultImporter) -> (artifact id: '6132c1fc1b09ec9b9ab6b14452c169bb') in 0.000326791 seconds
Refreshing native plugins compatible for Editor in 1.51 ms, found 1 plugins.
Native extension for OSXStandalone target not found
Native extension for WebGL target not found
Assembly reference Packages/com.unity.cinemachine/Editor/Samples/ExposeHDRPInternals/HDRP-Editor-ref.asmref has no target assembly definition
ScheduleIndexationOnStartup MainProcess:True IndexOnStartup:True
Mono: successfully reloaded assembly
- Finished resetting the current domain, in  1.846 seconds
Domain Reload Profiling: 2349ms
	BeginReloadAssembly (183ms)
		ExecutionOrderSort (0ms)
		DisableScriptedObjects (5ms)
		BackupInstance (0ms)
		ReleaseScriptingObjects (0ms)
		CreateAndSetChildDomain (125ms)
	RebuildCommonClasses (20ms)
	RebuildNativeTypeToScriptingClass (7ms)
	initialDomainReloadingComplete (12ms)
	LoadAllAssembliesAndSetupDomain (281ms)
		LoadAssemblies (184ms)
		RebuildTransferFunctionScriptingTraits (0ms)
		AnalyzeDomain (129ms)
			TypeCache.Refresh (95ms)
				TypeCache.ScanAssembly (86ms)
			BuildScriptInfoCaches (27ms)
			ResolveRequiredComponents (6ms)
	FinalizeReload (1846ms)
		ReleaseScriptCaches (0ms)
		RebuildScriptCaches (0ms)
		SetupLoadedEditorAssemblies (1600ms)
			LogAssemblyErrors (0ms)
			InitializePlatformSupportModulesInManaged (10ms)
			SetLoadedEditorAssemblies (2ms)
			BeforeProcessingInitializeOnLoad (89ms)
			ProcessInitializeOnLoadAttributes (1437ms)
			ProcessInitializeOnLoadMethodAttributes (60ms)
			AfterProcessingInitializeOnLoad (1ms)
			EditorAssembliesLoaded (0ms)
		ExecutionOrderSort2 (0ms)
		AwakeInstancesAfterBackupRestoration (96ms)
Start importing Assets/_Project/Inventory/Data/Items/Bullet_308_147_FMJ_PMC_Bronze.asset using Guid(6013406d7cd147bbade0c00d9d93408b) (NativeFormatImporter) -> (artifact id: '0cdd3681cefb604a7e9b37e765701499') in 0.001041916 seconds
Start importing Assets/_Project/Inventory/Data/Spawns/Cartridge_308_147_FMJ_PMC_Bronze_Spawn.asset using Guid(60f7f30e617141f9974ea1a1bbe54ca6) (NativeFormatImporter) -> (artifact id: 'b8dc8c7445f4e556497819af2c3fdf0d') in 0.000659583 seconds
Start importing Assets/_Project/Inventory/Data/Spawns/Bullet_308_147_FMJ_PMC_Bronze_Spawn.asset using Guid(922c3668419e497daff008bd91cbec00) (NativeFormatImporter) -> (artifact id: '0a7874c4f8c06fa43ab3be1f6c14dea3') in 0.000430791 seconds
Start importing Assets/_Project/Inventory/Data/Items/Primer_LR_PMC_Bronze.asset using Guid(53c7e17067fc4904975ebe60dba8c455) (NativeFormatImporter) -> (artifact id: 'a0e469db2de9721c9829748ebaf66896') in 0.000368958 seconds
Start importing Assets/_Project/Inventory/Data/Spawns/Rifle_308_Starter_Spawn.asset using Guid(144030886fcb4a1ea6651e7351fca3e6) (NativeFormatImporter) -> (artifact id: '3788382062caa2b11d84e995f9a9ac1f') in 0.000443416 seconds
Start importing Assets/_Project/Inventory/Data/Spawns/Powder_PMC_Bronze_308_Spawn.asset using Guid(96a49efb77af43f884b31488a92c7a51) (NativeFormatImporter) -> (artifact id: '31e5b8e17e80b97a21d00394d6e362d3') in 0.000491 seconds
Start importing Assets/_Project/Inventory/Data/Items/Powder_PMC_Bronze_308.asset using Guid(1727c40e8fa241fb96b5093d26aa0d9e) (NativeFormatImporter) -> (artifact id: '5608457b524d4d494478fb0bf037ac30') in 0.000271416 seconds
Start importing Assets/_Project/Inventory/Data/Items/Rifle_308_Starter.asset using Guid(c7fda52a904f4d4ebb763fa6936266e6) (NativeFormatImporter) -> (artifact id: 'b96b0f0481546c9dc3eb2a84ee45705b') in 0.000241084 seconds
Start importing Assets/_Project/Inventory/Data/Items/Cartridge_308_147_FMJ_PMC_Bronze.asset using Guid(e962cf63d0d24030b932ea4051945b88) (NativeFormatImporter) -> (artifact id: 'da707e9fa195b8ea6886e2777eabea89') in 0.000249583 seconds
Start importing Assets/_Project/Inventory/Data/Items/Casing_308_PMC_Bronze.asset using Guid(acdbfab43fea4a98b3de4603a6ae0251) (NativeFormatImporter) -> (artifact id: '340c1e31205ffd61c9d6e0edb14c9148') in 0.000312833 seconds
Start importing Assets/_Project/Inventory/Data/Spawns/Primer_LR_PMC_Bronze_Spawn.asset using Guid(7da843afe40244f78c9026ed79eb4eab) (NativeFormatImporter) -> (artifact id: 'bbf513ea1f5640300f1a8783b7ec65bd') in 0.000348208 seconds
Start importing Assets/_Project/Inventory/Data/Spawns/Casing_308_PMC_Bronze_Spawn.asset using Guid(2e999c0fa4074227a2e57049da6deb9f) (NativeFormatImporter) -> (artifact id: '4bb76e44d5586683a8743adc83b5a066') in 0.000283541 seconds
Start importing Assets/_Project/Inventory/Prefabs/Pickups/Rifle_308_Starter_Pickup.prefab using Guid(3143fdcf524e4248995fde24ef7ac203) (PrefabImporter) -> (artifact id: 'f31ddd85a16656ae55a0f644b090b855') in 0.022969375 seconds
Start importing Assets/_Project/Inventory/Prefabs/Pickups/Cartridge_308_PMCBronze_Pickup.prefab using Guid(03ec13c6338948e1a9e799962f2a9eea) (PrefabImporter) -> (artifact id: '55fd6ba06dac8605523ce7bd0755ef5d') in 0.001490584 seconds
Start importing Assets/_Project/Inventory/Prefabs/Pickups/PowderCan_PMCBronze_308_Pickup.prefab using Guid(b5ffe2656b4d4282bf566ccc170a83c5) (PrefabImporter) -> (artifact id: '91700c5c56d191a050dcdaa72354e904') in 0.001381 seconds
Start importing Assets/_Project/Inventory/Prefabs/Pickups/Bullet_308_147_FMJ_Pickup.prefab using Guid(077a774471444daaa9746994b5ed8359) (PrefabImporter) -> (artifact id: 'dc3e309259f0b70008e68e526a1a0ea8') in 0.001138875 seconds
Start importing Assets/_Project/Inventory/Prefabs/Pickups/PrimerBox_LR_PMCBronze_Pickup.prefab using Guid(799112b1dadb414f9c14e80c04f43dbc) (PrefabImporter) -> (artifact id: '2530d6833d5225c6f63a691a759e4888') in 0.001323 seconds
Start importing Assets/_Project/Inventory/Prefabs/Pickups/Casing_308_Pickup.prefab using Guid(e9413b687bb84dbaa1ca4786587a1681) (PrefabImporter) -> (artifact id: 'b712930bb8cd9780164243ac6e4ff685') in 0.001192209 seconds
Refreshing native plugins compatible for Editor in 0.36 ms, found 1 plugins.
Preloading 0 native plugins for Editor in 0.00 ms.
Asset Pipeline Refresh (id=b468d51a0fc1d462b8e40ffb415b932c): Total: 6.837 seconds - Initiated by InitialRefreshV2(ForceSynchronousImport)
	Summary:
		Imports: total=11 (actual=11, local cache=0, cache server=0)
		Asset DB Process Time: managed=2 ms, native=2567 ms
		Asset DB Callback time: managed=219 ms, native=11 ms
		Scripting: domain reloads=1, domain reload time=503 ms, compile time=3510 ms, other=23 ms
		Project Asset Count: scripts=1734, non-scripts=6983
		Asset File Changes: new=1, changed=1, moved=0, deleted=0
		Scan Filter Count: 1
	InvokeCustomDependenciesCallbacks: 0.001ms
	InvokePackagesCallback: 8.830ms
	ApplyChangesToAssetFolders: 0.198ms
	Scan: 435.556ms
	OnSourceAssetsModified: 0.482ms
	CategorizeAssetsWithTransientArtifact: 28.748ms
	ProcessAssetsWithTransientArtifactChanges: 35.285ms
	CategorizeAssets: 70.480ms
	ImportOutOfDateAssets: 1927.976ms (-1658.324ms without children)
		ImportManagerImport: 74.328ms (4.784ms without children)
			ImportInProcess: 69.473ms
			UpdateCategorizedAssets: 0.071ms
		CompileScripts: 3509.606ms
		ReloadNativeAssets: 0.038ms
		UnloadImportedAssets: 0.781ms
		ReloadImportedAssets: 0.001ms
		EnsureUptoDateAssetsAreRegisteredWithGuidPM: 1.057ms
		InitializingProgressBar: 0.006ms
		PostProcessAllAssetNotificationsAddChangedAssets: 0.000ms
		OnDemandSchedulerStart: 0.483ms
	PostProcessAllAssets: 220.220ms
	Hotreload: 1.601ms
	GatherAllCurrentPrimaryArtifactRevisions: 0.000ms
	UnloadStreamsBegin: 0.512ms
	PersistCurrentRevisions: 0.404ms
	UnloadStreamsEnd: 0.001ms
	GenerateScriptTypeHashes: 1.579ms
	Untracked: 4107.126ms

Application.AssetDatabase Initial Refresh End
Launching external process: /Applications/Unity/Hub/Editor/6000.3.8f1/Unity.app/Contents/Helpers/UnityShaderCompiler
Launched and connected shader compiler UnityShaderCompiler after 0.04 seconds
Scanning for USB devices : 0.140ms
Initializing Unity extensions:
[MODES] ModeService[none].Initialize
[MODES] ModeService[none].LoadModes
[MODES] Loading mode Default (0) for mode-current-id-Reloader
2026-02-24 17:30:19.961 Unity[31347:31773213] NSEventModifierFlagFunction specified to -setKeyEquivalentModifierMask: for item <NSMenuItem: 0xb40f17840 SDF, ke='Command-F12'>, but is only supported for system-provided menu items; will not be used
Unloading 123 Unused Serialized files (Serialized files now loaded: 0)
Unloading 6966 unused Assets / (20.6 MB). Loaded Objects now: 7668.
Memory consumption went from 284.8 MB to 264.3 MB.
Total: 12.107958 ms (FindLiveObjects: 0.321292 ms CreateObjectMapping: 0.117333 ms MarkObjects: 5.073459 ms  DeleteObjects: 6.595334 ms)

2026-02-24 17:30:20.030 Unity[31347:31773213] NSEventModifierFlagFunction specified to -setKeyEquivalentModifierMask: for item <NSMenuItem: 0xb40f1d220 SDF, ke='Command-F12'>, but is only supported for system-provided menu items; will not be used
[Project] Loading completed in 8.219 seconds
	Project init time: 				8.026 seconds
		Template init time: 		0.000 seconds
		Package Manager init time: 		0.124 seconds
		Asset Database init time: 		0.147 seconds
		Global illumination init time: 	0.000 seconds
		Assemblies load time: 			0.385 seconds
		Unity extensions init time: 	0.007 seconds
		Asset Database refresh time: 	6.837 seconds
	Scene opening time: 			0.124 seconds
##utp:{"type":"ProjectInfo","version":2,"phase":"Immediate","time":1771983020047,"processId":31347,"projectLoad":8.2191405,"projectInit":8.025921083,"templateInit":0.0,"packageManagerInit":0.123912666,"assetDatabaseInit":0.147475125,"globalIlluminationInit":0.000467792,"assembliesLoad":0.385369667,"unityExtensionsInit":0.006798917,"assetDatabaseRefresh":6.837463792,"sceneOpening":0.124029916}
##utp:{"type":"EditorInfo","version":2,"phase":"Immediate","time":1771983020047,"processId":31347,"editorVersion":"6000.3.8f1 (1c7db571dde0)","branch":"6000.3/staging","buildType":"Release","platform":"OSX"}
Subscribe to USB device events
Scanning for USB devices : 0.088ms
Asset Pipeline Refresh (id=e958f7b9182054be2ad4ca4c186fb7eb): Total: 0.255 seconds - Initiated by RefreshV2(NoUpdateAssetOptions)
2026-02-24 17:30:21.644 Unity[31347:31773213] NSEventModifierFlagFunction specified to -setKeyEquivalentModifierMask: for item <NSMenuItem: 0xb40f15860 SDF, ke='Command-F12'>, but is only supported for system-provided menu items; will not be used
2026-02-24 17:30:21.647 Unity[31347:31773213] NSEventModifierFlagFunction specified to -setKeyEquivalentModifierMask: for item <NSMenuItem: 0xb40fed0e0 SDF, ke='Command-F12'>, but is only supported for system-provided menu items; will not be used
Running tests for ExecutionSettings with details:
targetPlatform = 
playerHeartbeatTimeout = 600
filters[0] = 
   Filter with settings:
   testMode = EditMode
   targetPlatform = 
   testNames = null
   groupNames = ItemInstanceTests|ItemRegistryTests|ItemLocationServiceTests|InventoryEventContractsTests|PlayerInventoryRuntimeTests
   categoryNames = null
   assemblyNames = null
ignoreTests = {}
featureFlags = null

UnityEngine.Debug:ExtractStackTraceNoAlloc (byte*,int,string)
UnityEngine.StackTraceUtility:ExtractStackTrace () (at /Users/bokken/build/output/unity/unity/Runtime/Export/Scripting/StackTrace.cs:35)
UnityEngine.DebugLogHandler:Internal_Log (UnityEngine.LogType,UnityEngine.LogOption,string,UnityEngine.Object)
UnityEngine.DebugLogHandler:LogFormat (UnityEngine.LogType,UnityEngine.Object,string,object[])
UnityEngine.Logger:Log (UnityEngine.LogType,object)
UnityEngine.Debug:Log (object)
UnityEditor.TestTools.TestRunner.CommandLineTest.Executer:InitializeAndExecuteRun (string[]) (at ./Library/PackageCache/com.unity.test-framework@0b7a23ab2e1d/UnityEditor.TestRunner/CommandLineTest/Executer.cs:53)
UnityEditor.TestTools.TestRunner.CommandLineTest.TestStarter:InitializeAndExecuteRun () (at ./Library/PackageCache/com.unity.test-framework@0b7a23ab2e1d/UnityEditor.TestRunner/CommandLineTest/TestStarter.cs:64)
UnityEditor.EditorApplication:Internal_CallUpdateFunctions () (at /Users/bokken/build/output/unity/unity/Editor/Mono/EditorApplication.cs:392)

(Filename: ./Library/PackageCache/com.unity.test-framework@0b7a23ab2e1d/UnityEditor.TestRunner/CommandLineTest/Executer.cs Line: 53)

Start Indexing on Editor startup
[Indexing] Starting Initial Indexing for Assets
2026-02-24 17:30:21.728 Unity[31347:31773213] NSEventModifierFlagFunction specified to -setKeyEquivalentModifierMask: for item <NSMenuItem: 0xb40f15680 SDF, ke='Command-F12'>, but is only supported for system-provided menu items; will not be used
[UnityConnectServicesConfig] config is NOT valid, switching to default
Created GICache directory at /Users/ivanprotsiuk/Library/Caches/com.unity3d.UnityEditor/GiCache. Took: 0.002s, timestamps: [8.221 - 8.223]
Unloading 1 Unused Serialized files (Serialized files now loaded: 0)
Unloading 1 unused Assets / (43.6 KB). Loaded Objects now: 7716.
Memory consumption went from 187.2 MB to 187.2 MB.
Total: 10.573875 ms (FindLiveObjects: 0.102792 ms CreateObjectMapping: 0.051417 ms MarkObjects: 10.402417 ms  DeleteObjects: 0.016916 ms)

Executing IPrebuildSetup for: Unity.PerformanceTesting.Editor.TestRunBuilder.
UnityEngine.Debug:ExtractStackTraceNoAlloc (byte*,int,string)
UnityEngine.StackTraceUtility:ExtractStackTrace () (at /Users/bokken/build/output/unity/unity/Runtime/Export/Scripting/StackTrace.cs:35)
UnityEngine.DebugLogHandler:Internal_Log (UnityEngine.LogType,UnityEngine.LogOption,string,UnityEngine.Object)
UnityEngine.DebugLogHandler:LogFormat (UnityEngine.LogType,UnityEngine.Object,string,object[])
UnityEngine.Logger:Log (UnityEngine.LogType,object)
UnityEngine.Debug:Log (object)
UnityEditor.TestTools.TestRunner.TestRun.Tasks.BuildActionTaskBase`1/<ExecuteMethods>d__8<UnityEngine.TestTools.IPrebuildSetup>:MoveNext () (at ./Library/PackageCache/com.unity.test-framework@0b7a23ab2e1d/UnityEditor.TestRunner/TestRun/Tasks/BuildActionTaskBase.cs:48)
UnityEditor.TestTools.TestRunner.TestRun.Tasks.BuildActionTaskBase`1/<Execute>d__7<UnityEngine.TestTools.IPrebuildSetup>:MoveNext () (at ./Library/PackageCache/com.unity.test-framework@0b7a23ab2e1d/UnityEditor.TestRunner/TestRun/Tasks/BuildActionTaskBase.cs:34)
UnityEditor.TestTools.TestRunner.TestRun.TestJobRunner:ExecuteStep () (at ./Library/PackageCache/com.unity.test-framework@0b7a23ab2e1d/UnityEditor.TestRunner/TestRun/TestJobRunner.cs:173)
UnityEditor.TestTools.TestRunner.TestRun.TestJobRunner:ExecuteCallback () (at ./Library/PackageCache/com.unity.test-framework@0b7a23ab2e1d/UnityEditor.TestRunner/TestRun/TestJobRunner.cs:108)
UnityEditor.EditorApplication:Internal_CallUpdateFunctions () (at /Users/bokken/build/output/unity/unity/Editor/Mono/EditorApplication.cs:392)

(Filename: ./Library/PackageCache/com.unity.test-framework@0b7a23ab2e1d/UnityEditor.TestRunner/TestRun/Tasks/BuildActionTaskBase.cs Line: 48)

Saving results to: /Users/ivanprotsiuk/Library/Application Support/DefaultCompany/Reloader/TestResults.xml
Saving results to: tmp/items-editmode.xml
Executing IPostBuildCleanup for: Unity.PerformanceTesting.Editor.TestRunBuilder.
UnityEngine.Debug:ExtractStackTraceNoAlloc (byte*,int,string)
UnityEngine.StackTraceUtility:ExtractStackTrace () (at /Users/bokken/build/output/unity/unity/Runtime/Export/Scripting/StackTrace.cs:35)
UnityEngine.DebugLogHandler:Internal_Log (UnityEngine.LogType,UnityEngine.LogOption,string,UnityEngine.Object)
UnityEngine.DebugLogHandler:LogFormat (UnityEngine.LogType,UnityEngine.Object,string,object[])
UnityEngine.Logger:Log (UnityEngine.LogType,object)
UnityEngine.Debug:Log (object)
UnityEditor.TestTools.TestRunner.TestRun.Tasks.BuildActionTaskBase`1/<ExecuteMethods>d__8<UnityEngine.TestTools.IPostBuildCleanup>:MoveNext () (at ./Library/PackageCache/com.unity.test-framework@0b7a23ab2e1d/UnityEditor.TestRunner/TestRun/Tasks/BuildActionTaskBase.cs:48)
UnityEditor.TestTools.TestRunner.TestRun.Tasks.BuildActionTaskBase`1/<Execute>d__7<UnityEngine.TestTools.IPostBuildCleanup>:MoveNext () (at ./Library/PackageCache/com.unity.test-framework@0b7a23ab2e1d/UnityEditor.TestRunner/TestRun/Tasks/BuildActionTaskBase.cs:34)
UnityEditor.TestTools.TestRunner.TestRun.TestJobRunner:ExecuteStep () (at ./Library/PackageCache/com.unity.test-framework@0b7a23ab2e1d/UnityEditor.TestRunner/TestRun/TestJobRunner.cs:173)
UnityEditor.TestTools.TestRunner.TestRun.TestJobRunner:ExecuteCallback () (at ./Library/PackageCache/com.unity.test-framework@0b7a23ab2e1d/UnityEditor.TestRunner/TestRun/TestJobRunner.cs:108)
UnityEditor.EditorApplication:Internal_CallUpdateFunctions () (at /Users/bokken/build/output/unity/unity/Editor/Mono/EditorApplication.cs:392)

(Filename: ./Library/PackageCache/com.unity.test-framework@0b7a23ab2e1d/UnityEditor.TestRunner/TestRun/Tasks/BuildActionTaskBase.cs Line: 48)

Asset Pipeline Refresh (id=152aec642fa3d45eaaa4b0f56910cb9e): Total: 0.083 seconds - Initiated by RefreshV2(NoUpdateAssetOptions)
Unloading 0 Unused Serialized files (Serialized files now loaded: 0)
Unloading 0 unused Assets / (0 B). Loaded Objects now: 7717.
Memory consumption went from 179.0 MB to 179.0 MB.
Total: 11.342916 ms (FindLiveObjects: 0.100042 ms CreateObjectMapping: 0.056625 ms MarkObjects: 11.179750 ms  DeleteObjects: 0.006167 ms)

DisplayProgressbar: Undo
Test run completed. Exiting with code 0 (Ok). Run completed.
UnityEngine.Debug:ExtractStackTraceNoAlloc (byte*,int,string)
UnityEngine.StackTraceUtility:ExtractStackTrace () (at /Users/bokken/build/output/unity/unity/Runtime/Export/Scripting/StackTrace.cs:35)
UnityEngine.DebugLogHandler:Internal_Log (UnityEngine.LogType,UnityEngine.LogOption,string,UnityEngine.Object)
UnityEngine.DebugLogHandler:LogFormat (UnityEngine.LogType,UnityEngine.Object,string,object[])
UnityEngine.Logger:Log (UnityEngine.LogType,object)
UnityEngine.Debug:Log (object)
UnityEditor.TestTools.TestRunner.CommandLineTest.Executer:ExitApplication (UnityEditor.TestTools.TestRunner.CommandLineTest.Executer/ReturnCodes,string) (at ./Library/PackageCache/com.unity.test-framework@0b7a23ab2e1d/UnityEditor.TestRunner/CommandLineTest/Executer.cs:81)
UnityEditor.TestTools.TestRunner.CommandLineTest.Executer:ExitIfRunIsCompleted () (at ./Library/PackageCache/com.unity.test-framework@0b7a23ab2e1d/UnityEditor.TestRunner/CommandLineTest/Executer.cs:74)
UnityEditor.EditorApplication:Internal_CallUpdateFunctions () (at /Users/bokken/build/output/unity/unity/Editor/Mono/EditorApplication.cs:392)

(Filename: ./Library/PackageCache/com.unity.test-framework@0b7a23ab2e1d/UnityEditor.TestRunner/CommandLineTest/Executer.cs Line: 81)

2026-02-24 17:30:22.232 Unity[31347:31773213] NSEventModifierFlagFunction specified to -setKeyEquivalentModifierMask: for item <NSMenuItem: 0xb468baf80 SDF, ke='Command-F12'>, but is only supported for system-provided menu items; will not be used
Thread 0x34c347000 may have been prematurely finalized
Input System module state changed to: ShutdownInProgress.
Input System polling thread exited.
Input System module state changed to: Shutdown.
[Physics::Module] Cleanup current backend.
[Physics::Module] Id: 0xf2b8ea05
[Licensing::IpcConnector] LicenseClient-ivanprotsiuk-notifications channel disconnected successfully.
[Licensing::IpcConnector] LicenseClient-ivanprotsiuk channel disconnected successfully.
Thread 0x16c2c7000 may have been prematurely finalized
Thread 0x16c353000 may have been prematurely finalized
Thread 0x16c3df000 may have been prematurely finalized
Thread 0x16c46b000 may have been prematurely finalized
Thread 0x16c60f000 may have been prematurely finalized
Thread 0x16c4f7000 may have been prematurely finalized
Thread 0x16c583000 may have been prematurely finalized
Thread 0x16c69b000 may have been prematurely finalized
AcceleratorClientConnectionCallback - disconnected - :0
[40m[32minfo[39m[22m[49m: Microsoft.Hosting.Lifetime[0]
      Application is shutting down...
Cleanup mono
[40m[32minfo[39m[22m[49m: Unity.ILPP.Runner.PostProcessingAssemblyLoadContext[0]
      ALC ILPP context 1 is unloading
debugger-agent: Unable to listen on 45
