Unity Editor version:    6000.3.8f1 (1c7db571dde0)
Branch:                  6000.3/staging
Build type:              Release
Batch mode:              YES
macOS version:           Version 26.3 (Build 25D125)
Darwin version:          25.3.0
Architecture:            arm64
Running under Rosetta:   NO
Available memory:        24576 MB
Date:                    2026-02-25T05:14:27Z
[Licensing::Module] Trying to connect to existing licensing client channel...
[Licensing::IpcConnector] Successfully connected to: "LicenseClient-ivanprotsiuk" at "2026-02-25T05:14:27.962283Z"
Launching external process: /Applications/Unity/Hub/Editor/6000.3.8f1/Unity.app/Contents/Resources/PackageManager/Server/UnityPackageManager

COMMAND LINE ARGUMENTS:
/Applications/Unity/Hub/Editor/6000.3.8f1/Unity.app/Contents/MacOS/Unity
-batchmode
-projectPath
/Users/ivanprotsiuk/Documents/unity/Reloader/Reloader
-executeMethod
Reloader.Economy.Editor.EconomySceneWiring.WireMainWorldScenesBatch
-quit
-logFile
/Users/ivanprotsiuk/Documents/unity/Reloader/tmp/rerun-economy-scene-wiring.log
Successfully changed project path to: /Users/ivanprotsiuk/Documents/unity/Reloader/Reloader
/Users/ivanprotsiuk/Documents/unity/Reloader/Reloader
[UnityMemory] Configuration Parameters - Can be set up in boot.config
    "memorysetup-allocator-temp-initial-block-size-main=262144"
    "memorysetup-allocator-temp-initial-block-size-worker=262144"
    "memorysetup-temp-allocator-size-background-worker=32768"
    "memorysetup-temp-allocator-size-job-worker=262144"
    "memorysetup-temp-allocator-size-preload-manager=33554432"
    "memorysetup-temp-allocator-size-nav-mesh-worker=65536"
    "memorysetup-temp-allocator-size-audio-worker=65536"
    "memorysetup-temp-allocator-size-cloud-worker=32768"
    "memorysetup-bucket-allocator-granularity=16"
    "memorysetup-bucket-allocator-bucket-count=8"
    "memorysetup-bucket-allocator-block-size=33554432"
    "memorysetup-bucket-allocator-block-count=8"
    "memorysetup-main-allocator-block-size=16777216"
    "memorysetup-thread-allocator-block-size=16777216"
    "memorysetup-gfx-main-allocator-block-size=16777216"
    "memorysetup-gfx-thread-allocator-block-size=16777216"
    "memorysetup-cache-allocator-block-size=4194304"
    "memorysetup-typetree-allocator-block-size=2097152"
    "memorysetup-profiler-bucket-allocator-granularity=16"
    "memorysetup-profiler-bucket-allocator-bucket-count=8"
    "memorysetup-profiler-bucket-allocator-block-size=33554432"
    "memorysetup-profiler-bucket-allocator-block-count=8"
    "memorysetup-profiler-allocator-block-size=16777216"
    "memorysetup-profiler-editor-allocator-block-size=1048576"
    "memorysetup-temp-allocator-size-main=16777216"
    "memorysetup-job-temp-allocator-block-size=2097152"
    "memorysetup-job-temp-allocator-block-size-background=1048576"
    "memorysetup-job-temp-allocator-reduction-small-platforms=262144"
    "memorysetup-temp-allocator-size-gi-baking-worker=262144"
    "memorysetup-temp-allocator-size-gi-baking-worker=262144"
    "memorysetup-temp-allocator-size-gi-baking-worker=262144"
    "memorysetup-temp-allocator-size-gi-baking-worker=262144"
    "memorysetup-temp-allocator-size-gi-baking-worker=262144"
    "memorysetup-temp-allocator-size-gfx=262144"
Player connection [8284369024]  Target information:

Player connection [8284369024]  * "[IP] 192.168.4.140 [Port] 55504 [Flags] 2 [Guid] 1011057620 [EditorId] 1011057620 [Version] 1048832 [Id] OSXEditor(0,Ivans-MacBook-Pro.local) [Debug] 1 [PackageName] OSXEditor [ProjectName] Editor" 

Player connection [8284369024] Host joined multi-casting on [225.0.0.222:54997]...
Player connection [8284369024] Host joined alternative multi-casting on [225.0.0.222:34997]...
Input System module state changed to: Initialized.
[Physics::Module] Initialized fallback backend.
[Physics::Module] Id: 0xdecafbad
[Package Manager] Connected to IPC stream "Upm-49404" after 0.1 seconds.
[Licensing::Module] Licensing is not yet initialized.
[Licensing::Client] Handshaking with LicensingClient:
  Version:                 1.17.4+4293ba1
  Session Id:              a822afa68068419598d2a0ea869010e8
  Correlation Id:          1d36f0138514c646c369d0a35e2bed74
  External correlation Id: 7509364473653862192
  Machine Id:              ZMMMIo2+GGIgqX8lf4Z2t/ao2os=
[Licensing::Module] Successfully connected to LicensingClient on channel: "LicenseClient-ivanprotsiuk" (connect: 0.00s, validation: 0.00s, handshake: 0.24s)
[Licensing::IpcConnector] Successfully connected to: "LicenseClient-ivanprotsiuk-notifications" at "2026-02-25T05:14:28.202215Z"
[Licensing::Module] Error: Access token is unavailable; failed to update
[Licensing::Client] Successfully resolved entitlement details
[Licensing::Module] License group:
  Id: 20067556971916-UnityPersXXXX
  Product: Unity Personal
  Type: Assigned
  Expiration: Unlimited
[Licensing::Client] Successfully updated license, isAsync: True, time: 0.00
[Licensing::Client] Successfully resolved entitlement details
[Licensing::Module] Licensing Background thread has ended after 0.24s
[Licensing::Module] Licensing is initialized (took 0.03s).
[Licensing::Client] Successfully resolved entitlement details
Library Redirect Path: Library/
[Physics::Module] Selected backend.
[Physics::Module] Name: PhysX
[Physics::Module] Id: 0xf2b8ea05
[Physics::Module] SDK Version: 4.1.2
[Physics::Module] Integration Version: 1.0.0
[Physics::Module] Threading Mode: Multi-Threaded
Refreshing native plugins compatible for Editor in 0.03 ms, found 0 plugins.
Preloading 0 native plugins for Editor in 0.00 ms.
Initialize engine version: 6000.3.8f1 (1c7db571dde0)
[Subsystems] Discovering subsystems at path /Applications/Unity/Hub/Editor/6000.3.8f1/Unity.app/Contents/Resources/UnitySubsystems
[Subsystems] Discovering subsystems at path /Users/ivanprotsiuk/Documents/unity/Reloader/Reloader/Assets
GfxDevice: creating device client; kGfxThreadingModeNonThreaded
 preferred device: Apple M4 Pro (high power)
Metal devices available: 1
0: Apple M4 Pro (high power)
Using device Apple M4 Pro (high power)
Initializing Metal device caps: Apple M4 Pro
Mac GPU Family: 2
Apple GPU Family: 9
MSL Version: 3.0
Has Float MSAA: 1
Has Float Filtering: 1
ReadWrite Texture Tier: 2
Initialize mono
Mono path[0] = '/Applications/Unity/Hub/Editor/6000.3.8f1/Unity.app/Contents/Resources/Scripting/Managed'
Mono path[1] = '/Applications/Unity/Hub/Editor/6000.3.8f1/Unity.app/Contents/Resources/Scripting/MonoBleedingEdge/lib/mono/unityjit-macos'
Mono config path = '/Applications/Unity/Hub/Editor/6000.3.8f1/Unity.app/Contents/Resources/Scripting/MonoBleedingEdge/etc'
Using monoOptions --debugger-agent=transport=dt_socket,embedding=1,server=y,suspend=n,address=127.0.0.1:56404
Using cacheserver namespaces - metadata:defaultmetadata, artifacts:defaultartifacts
Using cacheserver namespaces - metadata:defaultmetadata, artifacts:defaultartifacts
ImportWorker Server TCP listen port: 0
AcceleratorClientConnectionCallback - disconnected - :0
Begin MonoManager ReloadAssembly
Registering precompiled unity dll's ...
Register platform support module: /Applications/Unity/Hub/Editor/6000.3.8f1/PlaybackEngines/WebGLSupport/UnityEditor.WebGL.Extensions.dll
Register platform support module: /Applications/Unity/Hub/Editor/6000.3.8f1/Unity.app/Contents/PlaybackEngines/MacStandaloneSupport/UnityEditor.OSXStandalone.Extensions.dll
Registered in 0.000417 seconds.
- Loaded All Assemblies, in  0.201 seconds
Native extension for OSXStandalone target not found
Native extension for WebGL target not found
ScheduleIndexationOnStartup MainProcess:False IndexOnStartup:True
Mono: successfully reloaded assembly
- Finished resetting the current domain, in  0.228 seconds
Domain Reload Profiling: 429ms
	BeginReloadAssembly (54ms)
		ExecutionOrderSort (0ms)
		DisableScriptedObjects (0ms)
		BackupInstance (0ms)
		ReleaseScriptingObjects (0ms)
		CreateAndSetChildDomain (16ms)
	RebuildCommonClasses (21ms)
	RebuildNativeTypeToScriptingClass (7ms)
	initialDomainReloadingComplete (23ms)
	LoadAllAssembliesAndSetupDomain (96ms)
		LoadAssemblies (38ms)
		RebuildTransferFunctionScriptingTraits (0ms)
		AnalyzeDomain (95ms)
			TypeCache.Refresh (93ms)
				TypeCache.ScanAssembly (85ms)
			BuildScriptInfoCaches (0ms)
			ResolveRequiredComponents (0ms)
	FinalizeReload (228ms)
		ReleaseScriptCaches (0ms)
		RebuildScriptCaches (0ms)
		SetupLoadedEditorAssemblies (205ms)
			LogAssemblyErrors (0ms)
			InitializePlatformSupportModulesInManaged (26ms)
			SetLoadedEditorAssemblies (2ms)
			BeforeProcessingInitializeOnLoad (49ms)
			ProcessInitializeOnLoadAttributes (86ms)
			ProcessInitializeOnLoadMethodAttributes (42ms)
			AfterProcessingInitializeOnLoad (0ms)
			EditorAssembliesLoaded (0ms)
		ExecutionOrderSort2 (0ms)
		AwakeInstancesAfterBackupRestoration (0ms)
[Licensing::Client] Successfully resolved entitlement details
Application.AssetDatabase Initial Refresh Start
Package Manager log level set to [2]
[Package Manager] Restoring resolved packages state from cache
[Licensing::Client] Successfully resolved entitlement details
[Package Manager] Registered 62 packages:
  Packages from [https://packages.unity.com]:
    com.unity.ai.navigation@2.0.10 (location: /Users/ivanprotsiuk/Documents/unity/Reloader/Reloader/Library/PackageCache/com.unity.ai.navigation@c33a115e9883)
    com.unity.cinemachine@3.1.5 (location: /Users/ivanprotsiuk/Documents/unity/Reloader/Reloader/Library/PackageCache/com.unity.cinemachine@5342685532bb)
    com.unity.collab-proxy@2.11.3 (location: /Users/ivanprotsiuk/Documents/unity/Reloader/Reloader/Library/PackageCache/com.unity.collab-proxy@e566cd3e7623)
    com.unity.ide.rider@3.0.39 (location: /Users/ivanprotsiuk/Documents/unity/Reloader/Reloader/Library/PackageCache/com.unity.ide.rider@4504839d03f7)
    com.unity.ide.visualstudio@2.0.26 (location: /Users/ivanprotsiuk/Documents/unity/Reloader/Reloader/Library/PackageCache/com.unity.ide.visualstudio@a99d56dec63f)
    com.unity.inputsystem@1.18.0 (location: /Users/ivanprotsiuk/Documents/unity/Reloader/Reloader/Library/PackageCache/com.unity.inputsystem@57d0e36f6123)
    com.unity.nuget.newtonsoft-json@3.2.1 (location: /Users/ivanprotsiuk/Documents/unity/Reloader/Reloader/Library/PackageCache/com.unity.nuget.newtonsoft-json@74deb55db2a0)
    com.unity.postprocessing@3.5.1 (location: /Users/ivanprotsiuk/Documents/unity/Reloader/Reloader/Library/PackageCache/com.unity.postprocessing@4a41da475b74)
    com.unity.timeline@1.8.10 (location: /Users/ivanprotsiuk/Documents/unity/Reloader/Reloader/Library/PackageCache/com.unity.timeline@7f8b2fb101b6)
    com.unity.visualscripting@1.9.9 (location: /Users/ivanprotsiuk/Documents/unity/Reloader/Reloader/Library/PackageCache/com.unity.visualscripting@191c0d7e3b69)
    com.unity.splines@2.8.2 (location: /Users/ivanprotsiuk/Documents/unity/Reloader/Reloader/Library/PackageCache/com.unity.splines@1cb7d86fc7ff)
    com.unity.searcher@4.9.4 (location: /Users/ivanprotsiuk/Documents/unity/Reloader/Reloader/Library/PackageCache/com.unity.searcher@d45a78918735)
    com.unity.burst@1.8.27 (location: /Users/ivanprotsiuk/Documents/unity/Reloader/Reloader/Library/PackageCache/com.unity.burst@973857688024)
    com.unity.mathematics@1.3.3 (location: /Users/ivanprotsiuk/Documents/unity/Reloader/Reloader/Library/PackageCache/com.unity.mathematics@19a9377c4ffa)
    com.unity.collections@2.6.2 (location: /Users/ivanprotsiuk/Documents/unity/Reloader/Reloader/Library/PackageCache/com.unity.collections@aea9d3bd5e19)
    com.unity.settings-manager@2.1.1 (location: /Users/ivanprotsiuk/Documents/unity/Reloader/Reloader/Library/PackageCache/com.unity.settings-manager@0b8638c5ce86)
    com.unity.nuget.mono-cecil@1.11.6 (location: /Users/ivanprotsiuk/Documents/unity/Reloader/Reloader/Library/PackageCache/com.unity.nuget.mono-cecil@ecb9724e46ff)
    com.unity.test-framework.performance@3.2.0 (location: /Users/ivanprotsiuk/Documents/unity/Reloader/Reloader/Library/PackageCache/com.unity.test-framework.performance@0840f58e4562)
  Built-in packages:
    com.unity.multiplayer.center@1.0.1 (location: /Users/ivanprotsiuk/Documents/unity/Reloader/Reloader/Library/PackageCache/com.unity.multiplayer.center@f01f4ba8d00a)
    com.unity.render-pipelines.universal@17.3.0 (location: /Users/ivanprotsiuk/Documents/unity/Reloader/Reloader/Library/PackageCache/com.unity.render-pipelines.universal@a6e30d1f59f5)
    com.unity.test-framework@1.6.0 (location: /Users/ivanprotsiuk/Documents/unity/Reloader/Reloader/Library/PackageCache/com.unity.test-framework@0b7a23ab2e1d)
    com.unity.ugui@2.0.0 (location: /Users/ivanprotsiuk/Documents/unity/Reloader/Reloader/Library/PackageCache/com.unity.ugui@bb329a87fcdc)
    com.unity.modules.accessibility@1.0.0 (location: /Users/ivanprotsiuk/Documents/unity/Reloader/Reloader/Library/PackageCache/com.unity.modules.accessibility)
    com.unity.modules.adaptiveperformance@1.0.0 (location: /Users/ivanprotsiuk/Documents/unity/Reloader/Reloader/Library/PackageCache/com.unity.modules.adaptiveperformance)
    com.unity.modules.ai@1.0.0 (location: /Users/ivanprotsiuk/Documents/unity/Reloader/Reloader/Library/PackageCache/com.unity.modules.ai)
    com.unity.modules.androidjni@1.0.0 (location: /Users/ivanprotsiuk/Documents/unity/Reloader/Reloader/Library/PackageCache/com.unity.modules.androidjni)
    com.unity.modules.animation@1.0.0 (location: /Users/ivanprotsiuk/Documents/unity/Reloader/Reloader/Library/PackageCache/com.unity.modules.animation)
    com.unity.modules.assetbundle@1.0.0 (location: /Users/ivanprotsiuk/Documents/unity/Reloader/Reloader/Library/PackageCache/com.unity.modules.assetbundle)
    com.unity.modules.audio@1.0.0 (location: /Users/ivanprotsiuk/Documents/unity/Reloader/Reloader/Library/PackageCache/com.unity.modules.audio)
    com.unity.modules.cloth@1.0.0 (location: /Users/ivanprotsiuk/Documents/unity/Reloader/Reloader/Library/PackageCache/com.unity.modules.cloth)
    com.unity.modules.director@1.0.0 (location: /Users/ivanprotsiuk/Documents/unity/Reloader/Reloader/Library/PackageCache/com.unity.modules.director)
    com.unity.modules.imageconversion@1.0.0 (location: /Users/ivanprotsiuk/Documents/unity/Reloader/Reloader/Library/PackageCache/com.unity.modules.imageconversion)
    com.unity.modules.imgui@1.0.0 (location: /Users/ivanprotsiuk/Documents/unity/Reloader/Reloader/Library/PackageCache/com.unity.modules.imgui)
    com.unity.modules.jsonserialize@1.0.0 (location: /Users/ivanprotsiuk/Documents/unity/Reloader/Reloader/Library/PackageCache/com.unity.modules.jsonserialize)
    com.unity.modules.particlesystem@1.0.0 (location: /Users/ivanprotsiuk/Documents/unity/Reloader/Reloader/Library/PackageCache/com.unity.modules.particlesystem)
    com.unity.modules.physics@1.0.0 (location: /Users/ivanprotsiuk/Documents/unity/Reloader/Reloader/Library/PackageCache/com.unity.modules.physics)
    com.unity.modules.physics2d@1.0.0 (location: /Users/ivanprotsiuk/Documents/unity/Reloader/Reloader/Library/PackageCache/com.unity.modules.physics2d)
    com.unity.modules.screencapture@1.0.0 (location: /Users/ivanprotsiuk/Documents/unity/Reloader/Reloader/Library/PackageCache/com.unity.modules.screencapture)
    com.unity.modules.terrain@1.0.0 (location: /Users/ivanprotsiuk/Documents/unity/Reloader/Reloader/Library/PackageCache/com.unity.modules.terrain)
    com.unity.modules.terrainphysics@1.0.0 (location: /Users/ivanprotsiuk/Documents/unity/Reloader/Reloader/Library/PackageCache/com.unity.modules.terrainphysics)
    com.unity.modules.tilemap@1.0.0 (location: /Users/ivanprotsiuk/Documents/unity/Reloader/Reloader/Library/PackageCache/com.unity.modules.tilemap)
    com.unity.modules.ui@1.0.0 (location: /Users/ivanprotsiuk/Documents/unity/Reloader/Reloader/Library/PackageCache/com.unity.modules.ui)
    com.unity.modules.uielements@1.0.0 (location: /Users/ivanprotsiuk/Documents/unity/Reloader/Reloader/Library/PackageCache/com.unity.modules.uielements)
    com.unity.modules.umbra@1.0.0 (location: /Users/ivanprotsiuk/Documents/unity/Reloader/Reloader/Library/PackageCache/com.unity.modules.umbra)
    com.unity.modules.unityanalytics@1.0.0 (location: /Users/ivanprotsiuk/Documents/unity/Reloader/Reloader/Library/PackageCache/com.unity.modules.unityanalytics)
    com.unity.modules.unitywebrequest@1.0.0 (location: /Users/ivanprotsiuk/Documents/unity/Reloader/Reloader/Library/PackageCache/com.unity.modules.unitywebrequest)
    com.unity.modules.unitywebrequestassetbundle@1.0.0 (location: /Users/ivanprotsiuk/Documents/unity/Reloader/Reloader/Library/PackageCache/com.unity.modules.unitywebrequestassetbundle)
    com.unity.modules.unitywebrequestaudio@1.0.0 (location: /Users/ivanprotsiuk/Documents/unity/Reloader/Reloader/Library/PackageCache/com.unity.modules.unitywebrequestaudio)
    com.unity.modules.unitywebrequesttexture@1.0.0 (location: /Users/ivanprotsiuk/Documents/unity/Reloader/Reloader/Library/PackageCache/com.unity.modules.unitywebrequesttexture)
    com.unity.modules.unitywebrequestwww@1.0.0 (location: /Users/ivanprotsiuk/Documents/unity/Reloader/Reloader/Library/PackageCache/com.unity.modules.unitywebrequestwww)
    com.unity.modules.vectorgraphics@1.0.0 (location: /Users/ivanprotsiuk/Documents/unity/Reloader/Reloader/Library/PackageCache/com.unity.modules.vectorgraphics)
    com.unity.modules.vehicles@1.0.0 (location: /Users/ivanprotsiuk/Documents/unity/Reloader/Reloader/Library/PackageCache/com.unity.modules.vehicles)
    com.unity.modules.video@1.0.0 (location: /Users/ivanprotsiuk/Documents/unity/Reloader/Reloader/Library/PackageCache/com.unity.modules.video)
    com.unity.modules.vr@1.0.0 (location: /Users/ivanprotsiuk/Documents/unity/Reloader/Reloader/Library/PackageCache/com.unity.modules.vr)
    com.unity.modules.wind@1.0.0 (location: /Users/ivanprotsiuk/Documents/unity/Reloader/Reloader/Library/PackageCache/com.unity.modules.wind)
    com.unity.modules.xr@1.0.0 (location: /Users/ivanprotsiuk/Documents/unity/Reloader/Reloader/Library/PackageCache/com.unity.modules.xr)
    com.unity.modules.subsystems@1.0.0 (location: /Users/ivanprotsiuk/Documents/unity/Reloader/Reloader/Library/PackageCache/com.unity.modules.subsystems)
    com.unity.modules.hierarchycore@1.0.0 (location: /Users/ivanprotsiuk/Documents/unity/Reloader/Reloader/Library/PackageCache/com.unity.modules.hierarchycore)
    com.unity.ext.nunit@2.0.5 (location: /Users/ivanprotsiuk/Documents/unity/Reloader/Reloader/Library/PackageCache/com.unity.ext.nunit@d8c07649098d)
    com.unity.render-pipelines.core@17.3.0 (location: /Users/ivanprotsiuk/Documents/unity/Reloader/Reloader/Library/PackageCache/com.unity.render-pipelines.core@d6dfd1e235d5)
    com.unity.shadergraph@17.3.0 (location: /Users/ivanprotsiuk/Documents/unity/Reloader/Reloader/Library/PackageCache/com.unity.shadergraph@d44b48771ebb)
    com.unity.render-pipelines.universal-config@17.0.3 (location: /Users/ivanprotsiuk/Documents/unity/Reloader/Reloader/Library/PackageCache/com.unity.render-pipelines.universal-config@8dc1aab4af1d)
[Subsystems] No new subsystems found in resolved package list.
[Package Manager] Done registering packages in 0.01 seconds
Assembly reference Packages/com.unity.cinemachine/Editor/Samples/ExposeHDRPInternals/HDRP-Editor-ref.asmref has no target assembly definition
Assembly reference Packages/com.unity.cinemachine/Editor/Samples/ExposeHDRPInternals/HDRP-Editor-ref.asmref has no target assembly definition
[40m[32minfo[39m[22m[49m: Microsoft.Hosting.Lifetime[14]
      Now listening on: http://unix:/tmp/ilpp.sock-de86b6ad6e0d55916049f09ff92f1b6a
[40m[32minfo[39m[22m[49m: Microsoft.Hosting.Lifetime[0]
      Application started. Press Ctrl+C to shut down.
[40m[32minfo[39m[22m[49m: Microsoft.Hosting.Lifetime[0]
      Hosting environment: Production
[40m[32minfo[39m[22m[49m: Microsoft.Hosting.Lifetime[0]
      Content root path: /Users/ivanprotsiuk/Documents/unity/Reloader/Reloader/
[40m[32minfo[39m[22m[49m: Microsoft.AspNetCore.Hosting.Diagnostics[1]
      Request starting HTTP/2 POST http://ilpp/UnityILPP.PostProcessing/Ping application/grpc -
[40m[32minfo[39m[22m[49m: Microsoft.AspNetCore.Routing.EndpointMiddleware[0]
      Executing endpoint 'gRPC - /UnityILPP.PostProcessing/Ping'
[40m[32minfo[39m[22m[49m: Microsoft.AspNetCore.Routing.EndpointMiddleware[1]
      Executed endpoint 'gRPC - /UnityILPP.PostProcessing/Ping'
[40m[32minfo[39m[22m[49m: Microsoft.AspNetCore.Hosting.Diagnostics[2]
      Request finished HTTP/2 POST http://ilpp/UnityILPP.PostProcessing/Ping application/grpc - - 200 - application/grpc 20.6115ms
Starting: /Applications/Unity/Hub/Editor/6000.3.8f1/Unity.app/Contents/Resources/BuildPipeline/bee_backend --ipc --defer-dag-verification --dagfile="Library/Bee/200b0aE.dag" --continue-on-failure --profile="Library/Bee/backend1.traceevents" ScriptAssemblies
WorkingDir: /Users/ivanprotsiuk/Documents/unity/Reloader/Reloader
DisplayProgressbar: Compiling Scripts
[40m[32minfo[39m[22m[49m: Microsoft.AspNetCore.Hosting.Diagnostics[1]
      Request starting HTTP/2 POST http://ilpp/UnityILPP.PostProcessing/ConfigurePostProcessors application/grpc -
[40m[32minfo[39m[22m[49m: Microsoft.AspNetCore.Routing.EndpointMiddleware[0]
      Executing endpoint 'gRPC - /UnityILPP.PostProcessing/ConfigurePostProcessors'
[40m[1m[33mwarn[39m[22m[49m: Unity.ILPP.Runner.PostProcessingAssemblyLoadContext[0]
      Assembly system.runtime.interopservices.windowsruntime has duplicate hint path. Ignoring "/Applications/Unity/Hub/Editor/6000.3.8f1/Unity.app/Contents/Resources/Scripting/UnityReferenceAssemblies/unity-4.8-api/Facades/System.Runtime.InteropServices.WindowsRuntime.dll" in favor of "/Applications/Unity/Hub/Editor/6000.3.8f1/Unity.app/Contents/Resources/Scripting/NetStandard/Extensions/2.0.0/System.Runtime.InteropServices.WindowsRuntime.dll"
[40m[1m[33mwarn[39m[22m[49m: Unity.ILPP.Runner.PostProcessingAssemblyLoadContext[0]
      Assembly system.componentmodel.composition has duplicate hint path. Ignoring "/Applications/Unity/Hub/Editor/6000.3.8f1/Unity.app/Contents/Resources/Scripting/UnityReferenceAssemblies/unity-4.8-api/System.ComponentModel.Composition.dll" in favor of "/Applications/Unity/Hub/Editor/6000.3.8f1/Unity.app/Contents/Resources/Scripting/NetStandard/compat/2.1.0/shims/netfx/System.ComponentModel.Composition.dll"
[40m[32minfo[39m[22m[49m: Unity.ILPP.Runner.PostProcessingAssemblyLoadContext[0]
      Resolved Unity.Burst.Cecil, Version=0.11.4.0, Culture=neutral, PublicKeyToken=50cebf1cceb9d05e with Library/PackageCache/com.unity.burst@973857688024/Unity.Burst.CodeGen/Unity.Burst.Cecil.dll
[40m[32minfo[39m[22m[49m: Unity.ILPP.Runner.PostProcessingAssemblyLoadContext[0]
      Resolved Mono.Cecil, Version=0.11.5.0, Culture=neutral, PublicKeyToken=50cebf1cceb9d05e with Library/PackageCache/com.unity.nuget.mono-cecil@ecb9724e46ff/Mono.Cecil.dll
[40m[32minfo[39m[22m[49m: Microsoft.AspNetCore.Routing.EndpointMiddleware[1]
      Executed endpoint 'gRPC - /UnityILPP.PostProcessing/ConfigurePostProcessors'
[40m[32minfo[39m[22m[49m: Microsoft.AspNetCore.Hosting.Diagnostics[2]
      Request finished HTTP/2 POST http://ilpp/UnityILPP.PostProcessing/ConfigurePostProcessors application/grpc - - 200 - application/grpc 14.4600ms
ExitCode: 0 Duration: 0s281ms
[ 763/1013  0s] ILPP-Configuration Library/ilpp-configuration.nevergeneratedoutput
*** Tundra build success (0.26 seconds), 1 items updated, 1013 evaluated
AssetDatabase: script compilation time: 0.693666s
Begin MonoManager ReloadAssembly
Total cache size 267403336
Total cache size after purge 267403336, took 00:00:00.1765941
Symbol file LoadedFromMemory is not a mono symbol file
- Loaded All Assemblies, in  0.392 seconds
'Packages/com.unity.cinemachine/Editor/Editors/CinemachineVirtualCameraBaseEditor.cs' contains partial class of Unity.Object, exactly 1 of the partial classes needs to be in a file with the same filename. This is to know the one that can be referenced from ie. GameObjects
'Packages/com.unity.cinemachine/Editor/Obsolete/CinemachineVirtualCameraBaseEditor.cs' contains partial class of Unity.Object, exactly 1 of the partial classes needs to be in a file with the same filename. This is to know the one that can be referenced from ie. GameObjects
Refreshing native plugins compatible for Editor in 0.40 ms, found 1 plugins.
Native extension for OSXStandalone target not found
Native extension for WebGL target not found
Assembly reference Packages/com.unity.cinemachine/Editor/Samples/ExposeHDRPInternals/HDRP-Editor-ref.asmref has no target assembly definition
ScheduleIndexationOnStartup MainProcess:True IndexOnStartup:True
Mono: successfully reloaded assembly
- Finished resetting the current domain, in  1.944 seconds
Domain Reload Profiling: 2336ms
	BeginReloadAssembly (94ms)
		ExecutionOrderSort (0ms)
		DisableScriptedObjects (6ms)
		BackupInstance (0ms)
		ReleaseScriptingObjects (0ms)
		CreateAndSetChildDomain (38ms)
	RebuildCommonClasses (20ms)
	RebuildNativeTypeToScriptingClass (8ms)
	initialDomainReloadingComplete (13ms)
	LoadAllAssembliesAndSetupDomain (256ms)
		LoadAssemblies (146ms)
		RebuildTransferFunctionScriptingTraits (0ms)
		AnalyzeDomain (143ms)
			TypeCache.Refresh (104ms)
				TypeCache.ScanAssembly (94ms)
			BuildScriptInfoCaches (30ms)
			ResolveRequiredComponents (7ms)
	FinalizeReload (1944ms)
		ReleaseScriptCaches (0ms)
		RebuildScriptCaches (0ms)
		SetupLoadedEditorAssemblies (1806ms)
			LogAssemblyErrors (0ms)
			InitializePlatformSupportModulesInManaged (12ms)
			SetLoadedEditorAssemblies (3ms)
			BeforeProcessingInitializeOnLoad (98ms)
			ProcessInitializeOnLoadAttributes (1657ms)
			ProcessInitializeOnLoadMethodAttributes (35ms)
			AfterProcessingInitializeOnLoad (1ms)
			EditorAssembliesLoaded (0ms)
		ExecutionOrderSort2 (0ms)
		AwakeInstancesAfterBackupRestoration (2ms)
Asset Pipeline Refresh (id=7d93412d7ca2a4a5191726c1bb60b510): Total: 3.726 seconds - Initiated by InitialRefreshV2(ForceSynchronousImport)
	Summary:
		Imports: total=0 (actual=0, local cache=0, cache server=0)
		Asset DB Process Time: managed=0 ms, native=2592 ms
		Asset DB Callback time: managed=15 ms, native=7 ms
		Scripting: domain reloads=1, domain reload time=392 ms, compile time=694 ms, other=25 ms
		Project Asset Count: scripts=1738, non-scripts=6991
		Asset File Changes: new=0, changed=0, moved=0, deleted=0
		Scan Filter Count: 1
	InvokeCustomDependenciesCallbacks: 0.001ms
	InvokePackagesCallback: 7.636ms
	ApplyChangesToAssetFolders: 0.181ms
	Scan: 442.002ms
	OnSourceAssetsModified: 0.001ms
	CategorizeAssetsWithTransientArtifact: 25.884ms
	ProcessAssetsWithTransientArtifactChanges: 41.218ms
	CategorizeAssets: 73.816ms
	ImportOutOfDateAssets: 1949.832ms (1253.393ms without children)
		CompileScripts: 694.472ms
		ReloadNativeAssets: 0.022ms
		UnloadImportedAssets: 0.669ms
		EnsureUptoDateAssetsAreRegisteredWithGuidPM: 0.829ms
		InitializingProgressBar: 0.000ms
		OnDemandSchedulerStart: 0.447ms
	PostProcessAllAssets: 15.185ms
	GatherAllCurrentPrimaryArtifactRevisions: 0.000ms
	UnloadStreamsBegin: 0.579ms
	PersistCurrentRevisions: 0.174ms
	UnloadStreamsEnd: 0.001ms
	GenerateScriptTypeHashes: 4.230ms
	Untracked: 1169.972ms

Application.AssetDatabase Initial Refresh End
Launching external process: /Applications/Unity/Hub/Editor/6000.3.8f1/Unity.app/Contents/Helpers/UnityShaderCompiler
Launched and connected shader compiler UnityShaderCompiler after 0.02 seconds
Scanning for USB devices : 0.156ms
Initializing Unity extensions:
[MODES] ModeService[none].Initialize
[MODES] ModeService[none].LoadModes
[MODES] Loading mode Default (0) for mode-current-id-Reloader
2026-02-24 21:14:33.214 Unity[49404:32292697] NSEventModifierFlagFunction specified to -setKeyEquivalentModifierMask: for item <NSMenuItem: 0x8d1efbb60 SDF, ke='Command-F12'>, but is only supported for system-provided menu items; will not be used
Unloading 123 Unused Serialized files (Serialized files now loaded: 0)
Unloading 6985 unused Assets / (25.3 MB). Loaded Objects now: 7684.
Memory consumption went from 275.2 MB to 249.9 MB.
Total: 15.032292 ms (FindLiveObjects: 0.305083 ms CreateObjectMapping: 0.118000 ms MarkObjects: 5.431167 ms  DeleteObjects: 9.177583 ms)

Opening scene 'Assets/Scenes/MainWorld.unity'
Unloading 7 Unused Serialized files (Serialized files now loaded: 0)
LightingSettings: switching bake backend from 2 to 1.
Loaded scene 'Assets/Scenes/MainWorld.unity'
	Deserialize:            264.540 ms
	Integration:            392.369 ms
	Integration of assets:  3.428 ms
	Thread Wait Time:       -0.055 ms
	Total Operation Time:   660.282 ms
Unloading 5 unused Assets / (5.5 KB). Loaded Objects now: 35214.
Memory consumption went from 344.6 MB to 344.6 MB.
Total: 7.624167 ms (FindLiveObjects: 1.275916 ms CreateObjectMapping: 0.469334 ms MarkObjects: 5.811208 ms  DeleteObjects: 0.067459 ms)

Start importing Assets/_Project/Economy/Data/ReloadingStore_DefaultCatalog.asset using Guid(9813cb0def68f476c964570aa69a51b4) (NativeFormatImporter) -> (artifact id: '991b15252bdda30e07fabc495057ca70') in 0.004531916 seconds
Refreshing native plugins compatible for Editor in 0.35 ms, found 1 plugins.
Preloading 0 native plugins for Editor in 0.00 ms.
Asset Pipeline Refresh (id=64c3a09fb13c041e7a4a94baf1c021ea): Total: 0.221 seconds - Initiated by StopAssetImportingV2(NoUpdateAssetOptions)
Start importing Assets/Scenes/MainWorld.unity using Guid(99c9720ab356a0642a771bea13969a05) (DefaultImporter) -> (artifact id: '0cc93054d2e732e34f7e754b516b6aec') in 0.00142475 seconds
Refreshing native plugins compatible for Editor in 0.41 ms, found 1 plugins.
Preloading 0 native plugins for Editor in 0.00 ms.
Asset Pipeline Refresh (id=9e94a514f487e441381ff88ea34a00fc): Total: 0.014 seconds - Initiated by StopAssetImportingV2(NoUpdateAssetOptions)
Economy/vendor wired and saved: Assets/Scenes/MainWorld.unity
UnityEngine.Debug:ExtractStackTraceNoAlloc (byte*,int,string)
UnityEngine.StackTraceUtility:ExtractStackTrace () (at /Users/bokken/build/output/unity/unity/Runtime/Export/Scripting/StackTrace.cs:35)
UnityEngine.DebugLogHandler:Internal_Log (UnityEngine.LogType,UnityEngine.LogOption,string,UnityEngine.Object)
UnityEngine.DebugLogHandler:LogFormat (UnityEngine.LogType,UnityEngine.Object,string,object[])
UnityEngine.Logger:Log (UnityEngine.LogType,object)
UnityEngine.Debug:Log (object)
Reloader.Economy.Editor.EconomySceneWiring:WireMainWorldScenesInternal (bool) (at Assets/_Project/Economy/Editor/EconomySceneWiring.cs:94)
Reloader.Economy.Editor.EconomySceneWiring:WireMainWorldScenesBatch () (at Assets/_Project/Economy/Editor/EconomySceneWiring.cs:64)

(Filename: Assets/_Project/Economy/Editor/EconomySceneWiring.cs Line: 94)

Opening scene 'Assets/Scenes/MainWorld_Scaffold.unity'
Unloading 24 Unused Serialized files (Serialized files now loaded: 0)
Loaded scene 'Assets/Scenes/MainWorld_Scaffold.unity'
	Deserialize:            0.787 ms
	Integration:            125.294 ms
	Integration of assets:  0.002 ms
	Thread Wait Time:       0.011 ms
	Total Operation Time:   126.093 ms
Unloading 3896 unused Assets / (58.2 MB). Loaded Objects now: 7734.
Memory consumption went from 304.8 MB to 246.6 MB.
Total: 7.916583 ms (FindLiveObjects: 0.245792 ms CreateObjectMapping: 0.101208 ms MarkObjects: 4.860292 ms  DeleteObjects: 2.708916 ms)

Missing PlayerInputReader or PlayerInventoryController in scene: Assets/Scenes/MainWorld_Scaffold.unity
UnityEngine.Debug:ExtractStackTraceNoAlloc (byte*,int,string)
UnityEngine.StackTraceUtility:ExtractStackTrace () (at /Users/bokken/build/output/unity/unity/Runtime/Export/Scripting/StackTrace.cs:35)
UnityEngine.DebugLogHandler:Internal_Log (UnityEngine.LogType,UnityEngine.LogOption,string,UnityEngine.Object)
UnityEngine.DebugLogHandler:LogFormat (UnityEngine.LogType,UnityEngine.Object,string,object[])
UnityEngine.Logger:Log (UnityEngine.LogType,object)
UnityEngine.Debug:LogWarning (object)
Reloader.Economy.Editor.EconomySceneWiring:WireScene (string) (at Assets/_Project/Economy/Editor/EconomySceneWiring.cs:120)
Reloader.Economy.Editor.EconomySceneWiring:WireMainWorldScenesInternal (bool) (at Assets/_Project/Economy/Editor/EconomySceneWiring.cs:86)
Reloader.Economy.Editor.EconomySceneWiring:WireMainWorldScenesBatch () (at Assets/_Project/Economy/Editor/EconomySceneWiring.cs:64)

(Filename: Assets/_Project/Economy/Editor/EconomySceneWiring.cs Line: 120)

Economy/vendor wiring skipped: Assets/Scenes/MainWorld_Scaffold.unity
UnityEngine.Debug:ExtractStackTraceNoAlloc (byte*,int,string)
UnityEngine.StackTraceUtility:ExtractStackTrace () (at /Users/bokken/build/output/unity/unity/Runtime/Export/Scripting/StackTrace.cs:35)
UnityEngine.DebugLogHandler:Internal_Log (UnityEngine.LogType,UnityEngine.LogOption,string,UnityEngine.Object)
UnityEngine.DebugLogHandler:LogFormat (UnityEngine.LogType,UnityEngine.Object,string,object[])
UnityEngine.Logger:Log (UnityEngine.LogType,object)
UnityEngine.Debug:LogWarning (object)
Reloader.Economy.Editor.EconomySceneWiring:WireMainWorldScenesInternal (bool) (at Assets/_Project/Economy/Editor/EconomySceneWiring.cs:88)
Reloader.Economy.Editor.EconomySceneWiring:WireMainWorldScenesBatch () (at Assets/_Project/Economy/Editor/EconomySceneWiring.cs:64)

(Filename: Assets/_Project/Economy/Editor/EconomySceneWiring.cs Line: 88)

Opening scene 'Assets/Scenes/MainWorld_Level02Only.unity'
Unloading 6 Unused Serialized files (Serialized files now loaded: 0)
LightingSettings: switching bake backend from 2 to 1.
Loaded scene 'Assets/Scenes/MainWorld_Level02Only.unity'
	Deserialize:            50.995 ms
	Integration:            250.787 ms
	Integration of assets:  0.011 ms
	Thread Wait Time:       0.000 ms
	Total Operation Time:   301.794 ms
Unloading 228 unused Assets / (20.7 KB). Loaded Objects now: 27775.
Memory consumption went from 333.9 MB to 333.8 MB.
Total: 6.784791 ms (FindLiveObjects: 0.961542 ms CreateObjectMapping: 0.252458 ms MarkObjects: 5.417125 ms  DeleteObjects: 0.153458 ms)

Missing PlayerInputReader or PlayerInventoryController in scene: Assets/Scenes/MainWorld_Level02Only.unity
UnityEngine.Debug:ExtractStackTraceNoAlloc (byte*,int,string)
UnityEngine.StackTraceUtility:ExtractStackTrace () (at /Users/bokken/build/output/unity/unity/Runtime/Export/Scripting/StackTrace.cs:35)
UnityEngine.DebugLogHandler:Internal_Log (UnityEngine.LogType,UnityEngine.LogOption,string,UnityEngine.Object)
UnityEngine.DebugLogHandler:LogFormat (UnityEngine.LogType,UnityEngine.Object,string,object[])
UnityEngine.Logger:Log (UnityEngine.LogType,object)
UnityEngine.Debug:LogWarning (object)
Reloader.Economy.Editor.EconomySceneWiring:WireScene (string) (at Assets/_Project/Economy/Editor/EconomySceneWiring.cs:120)
Reloader.Economy.Editor.EconomySceneWiring:WireMainWorldScenesInternal (bool) (at Assets/_Project/Economy/Editor/EconomySceneWiring.cs:86)
Reloader.Economy.Editor.EconomySceneWiring:WireMainWorldScenesBatch () (at Assets/_Project/Economy/Editor/EconomySceneWiring.cs:64)

(Filename: Assets/_Project/Economy/Editor/EconomySceneWiring.cs Line: 120)

Economy/vendor wiring skipped: Assets/Scenes/MainWorld_Level02Only.unity
UnityEngine.Debug:ExtractStackTraceNoAlloc (byte*,int,string)
UnityEngine.StackTraceUtility:ExtractStackTrace () (at /Users/bokken/build/output/unity/unity/Runtime/Export/Scripting/StackTrace.cs:35)
UnityEngine.DebugLogHandler:Internal_Log (UnityEngine.LogType,UnityEngine.LogOption,string,UnityEngine.Object)
UnityEngine.DebugLogHandler:LogFormat (UnityEngine.LogType,UnityEngine.Object,string,object[])
UnityEngine.Logger:Log (UnityEngine.LogType,object)
UnityEngine.Debug:LogWarning (object)
Reloader.Economy.Editor.EconomySceneWiring:WireMainWorldScenesInternal (bool) (at Assets/_Project/Economy/Editor/EconomySceneWiring.cs:88)
Reloader.Economy.Editor.EconomySceneWiring:WireMainWorldScenesBatch () (at Assets/_Project/Economy/Editor/EconomySceneWiring.cs:64)

(Filename: Assets/_Project/Economy/Editor/EconomySceneWiring.cs Line: 88)

Asset Pipeline Refresh (id=7ef1ed6c2bfab455096ea6620175479d): Total: 0.113 seconds - Initiated by RefreshV2(NoUpdateAssetOptions)
Economy/vendor scene wiring complete. Updated scenes: 1
UnityEngine.Debug:ExtractStackTraceNoAlloc (byte*,int,string)
UnityEngine.StackTraceUtility:ExtractStackTrace () (at /Users/bokken/build/output/unity/unity/Runtime/Export/Scripting/StackTrace.cs:35)
UnityEngine.DebugLogHandler:Internal_Log (UnityEngine.LogType,UnityEngine.LogOption,string,UnityEngine.Object)
UnityEngine.DebugLogHandler:LogFormat (UnityEngine.LogType,UnityEngine.Object,string,object[])
UnityEngine.Logger:Log (UnityEngine.LogType,object)
UnityEngine.Debug:Log (object)
Reloader.Economy.Editor.EconomySceneWiring:WireMainWorldScenesInternal (bool) (at Assets/_Project/Economy/Editor/EconomySceneWiring.cs:99)
Reloader.Economy.Editor.EconomySceneWiring:WireMainWorldScenesBatch () (at Assets/_Project/Economy/Editor/EconomySceneWiring.cs:64)

(Filename: Assets/_Project/Economy/Editor/EconomySceneWiring.cs Line: 99)

Batchmode quit successfully invoked - shutting down!
Thread 0x342307000 may have been prematurely finalized
Input System module state changed to: ShutdownInProgress.
Input System polling thread exited.
Input System module state changed to: Shutdown.
[Physics::Module] Cleanup current backend.
[Physics::Module] Id: 0xf2b8ea05
[Licensing::IpcConnector] LicenseClient-ivanprotsiuk-notifications channel disconnected successfully.
[Licensing::IpcConnector] LicenseClient-ivanprotsiuk channel disconnected successfully.
Thread 0x16cacf000 may have been prematurely finalized
Thread 0x16c9b7000 may have been prematurely finalized
Thread 0x16ca43000 may have been prematurely finalized
Thread 0x16cbe7000 may have been prematurely finalized
Thread 0x16ccff000 may have been prematurely finalized
Thread 0x16cd8b000 may have been prematurely finalized
Thread 0x16cc73000 may have been prematurely finalized
Thread 0x16cb5b000 may have been prematurely finalized
AcceleratorClientConnectionCallback - disconnected - :0
[40m[32minfo[39m[22m[49m: Microsoft.Hosting.Lifetime[0]
      Application is shutting down...
Cleanup mono
[40m[32minfo[39m[22m[49m: Unity.ILPP.Runner.PostProcessingAssemblyLoadContext[0]
      ALC ILPP context 1 is unloading
debugger-agent: Unable to listen on 46
Exiting batchmode successfully now!
[Package Manager] Server process was shutdown
